2018-10-08 00:40:12,908 INFO [ScalaTest-run-running-SparkTPCDSTest] o.a.t.r.Run [Run.scala:27] Start run 'test' ...
2018-10-08 00:40:12,922 INFO [ScalaTest-run-running-SparkTPCDSTest] o.a.t.q.Query [Query.scala:19] Run query '1' ... 
2018-10-08 00:40:13,129 INFO [ScalaTest-run-running-SparkTPCDSTest] o.a.t.s.Statement [Statement.scala:27] 99
2018-10-08 00:40:13,743 INFO [ScalaTest-run-running-SparkTPCDSTest] o.a.t.s.Statement [Statement.scala:27] 9801
2018-10-08 00:40:14,031 INFO [ScalaTest-run-running-SparkTPCDSTest] o.a.t.q.Query [Query.scala:21] Finished query '1'.
2018-10-08 00:40:14,032 INFO [ScalaTest-run-running-SparkTPCDSTest] o.a.t.r.Run [Run.scala:30] Finished run 'test'.
2018-10-08 00:40:15,101 INFO [ScalaTest-run-running-SparkTPCDSTest] o.a.t.r.Run [Run.scala:27] Start run 'test1' ...
2018-10-08 00:40:15,109 INFO [ScalaTest-run-running-SparkTPCDSTest] o.a.t.q.Query [Query.scala:19] Run query '1' ... 
2018-10-08 00:40:15,182 INFO [ScalaTest-run-running-SparkTPCDSTest] o.a.t.s.Statement [Statement.scala:27] 99
2018-10-08 00:40:15,556 INFO [ScalaTest-run-running-SparkTPCDSTest] o.a.t.s.Statement [Statement.scala:27] 9801
2018-10-08 00:40:15,846 INFO [ScalaTest-run-running-SparkTPCDSTest] o.a.t.q.Query [Query.scala:21] Finished query '1'.
2018-10-08 00:40:15,846 INFO [ScalaTest-run-running-SparkTPCDSTest] o.a.t.r.Run [Run.scala:30] Finished run 'test1'.
2018-10-08 00:40:16,679 INFO [ScalaTest-run-running-SparkTPCDSTest] o.a.t.r.Run [Run.scala:27] Start run 'test2' ...
2018-10-08 00:40:16,685 INFO [ScalaTest-run-running-SparkTPCDSTest] o.a.t.q.Query [Query.scala:19] Run query '2' ... 
2018-10-08 00:40:16,757 INFO [ScalaTest-run-running-SparkTPCDSTest] o.a.t.s.Statement [Statement.scala:27] 9999
2018-10-08 00:40:16,981 INFO [ScalaTest-run-running-SparkTPCDSTest] o.a.t.q.Query [Query.scala:21] Finished query '2'.
2018-10-08 00:40:16,981 INFO [ScalaTest-run-running-SparkTPCDSTest] o.a.t.r.Run [Run.scala:30] Finished run 'test2'.
2018-10-08 00:40:18,349 INFO [ScalaTest-run-running-SparkTPCDSTest] o.a.t.SparkTPCDS$ [SparkTPCDS.scala:38] %-25s %25s

2018-10-08 00:40:19,930 INFO [ScalaTest-run-running-SparkTPCDSTest] o.a.t.SparkTPCDS$ [SparkTPCDS.scala:38] %-25s %25s

2018-10-08 00:40:21,306 INFO [ScalaTest-run-running-SparkTPCDSTest] o.a.t.SparkTPCDS$ [SparkTPCDS.scala:38] %-25s %25s

2018-10-08 00:40:21,976 INFO [ScalaTest-run-running-SparkTPCDSTest] o.a.t.r.Run [Run.scala:27] Start run 'test3' ...
2018-10-08 00:40:21,983 INFO [ScalaTest-run-running-SparkTPCDSTest] o.a.t.q.Query [Query.scala:19] Run query '1' ... 
2018-10-08 00:40:22,040 INFO [ScalaTest-run-running-SparkTPCDSTest] o.a.t.s.Statement [Statement.scala:27] 99
2018-10-08 00:40:22,317 INFO [ScalaTest-run-running-SparkTPCDSTest] o.a.t.s.Statement [Statement.scala:27] 9801
2018-10-08 00:40:22,488 INFO [ScalaTest-run-running-SparkTPCDSTest] o.a.t.q.Query [Query.scala:21] Finished query '1'.
2018-10-08 00:40:22,488 INFO [ScalaTest-run-running-SparkTPCDSTest] o.a.t.r.Run [Run.scala:30] Finished run 'test3'.
2018-10-08 00:40:23,171 INFO [ScalaTest-run-running-SparkTPCDSTest] o.a.t.r.Run [Run.scala:27] Start run 'test4' ...
2018-10-08 00:40:23,176 INFO [ScalaTest-run-running-SparkTPCDSTest] o.a.t.q.Query [Query.scala:19] Run query '1' ... 
2018-10-08 00:40:23,229 INFO [ScalaTest-run-running-SparkTPCDSTest] o.a.t.s.Statement [Statement.scala:27] 99
2018-10-08 00:40:23,526 INFO [ScalaTest-run-running-SparkTPCDSTest] o.a.t.s.Statement [Statement.scala:27] 9801
2018-10-08 00:40:23,723 INFO [ScalaTest-run-running-SparkTPCDSTest] o.a.t.q.Query [Query.scala:21] Finished query '1'.
2018-10-08 00:40:23,724 INFO [ScalaTest-run-running-SparkTPCDSTest] o.a.t.r.Run [Run.scala:30] Finished run 'test4'.
2018-10-08 00:40:26,241 INFO [ScalaTest-run-running-SparkTPCDSTest] o.a.t.SparkTPCDS$ [SparkTPCDS.scala:56] Query 1
2018-10-08 00:40:26,241 INFO [ScalaTest-run-running-SparkTPCDSTest] o.a.t.SparkTPCDS$ [SparkTPCDS.scala:62]   Elapsed time matches               : false
2018-10-08 00:40:26,242 INFO [ScalaTest-run-running-SparkTPCDSTest] o.a.t.SparkTPCDS$ [SparkTPCDS.scala:65]   Statement 'test3.1.0' and 'test4.1.0'
2018-10-08 00:40:26,242 INFO [ScalaTest-run-running-SparkTPCDSTest] o.a.t.SparkTPCDS$ [SparkTPCDS.scala:66]     Description matches              : true
2018-10-08 00:40:26,242 INFO [ScalaTest-run-running-SparkTPCDSTest] o.a.t.SparkTPCDS$ [SparkTPCDS.scala:67]     Details matches                  : false
2018-10-08 00:40:26,242 INFO [ScalaTest-run-running-SparkTPCDSTest] o.a.t.SparkTPCDS$ [SparkTPCDS.scala:68]     Physical plan description matches: false
2018-10-08 00:40:26,243 INFO [ScalaTest-run-running-SparkTPCDSTest] o.a.t.SparkTPCDS$ [SparkTPCDS.scala:65]   Statement 'test3.1.0' and 'test4.1.0'
2018-10-08 00:40:26,243 INFO [ScalaTest-run-running-SparkTPCDSTest] o.a.t.SparkTPCDS$ [SparkTPCDS.scala:66]     Description matches              : true
2018-10-08 00:40:26,243 INFO [ScalaTest-run-running-SparkTPCDSTest] o.a.t.SparkTPCDS$ [SparkTPCDS.scala:67]     Details matches                  : false
2018-10-08 00:40:26,243 INFO [ScalaTest-run-running-SparkTPCDSTest] o.a.t.SparkTPCDS$ [SparkTPCDS.scala:68]     Physical plan description matches: false
2018-10-08 00:40:26,243 INFO [ScalaTest-run-running-SparkTPCDSTest] o.a.t.SparkTPCDS$ [SparkTPCDS.scala:65]   Statement 'test3.1.0' and 'test4.1.0'
2018-10-08 00:40:26,243 INFO [ScalaTest-run-running-SparkTPCDSTest] o.a.t.SparkTPCDS$ [SparkTPCDS.scala:66]     Description matches              : true
2018-10-08 00:40:26,243 INFO [ScalaTest-run-running-SparkTPCDSTest] o.a.t.SparkTPCDS$ [SparkTPCDS.scala:67]     Details matches                  : false
2018-10-08 00:40:26,244 INFO [ScalaTest-run-running-SparkTPCDSTest] o.a.t.SparkTPCDS$ [SparkTPCDS.scala:68]     Physical plan description matches: false
2018-10-08 00:40:26,244 INFO [ScalaTest-run-running-SparkTPCDSTest] o.a.t.SparkTPCDS$ [SparkTPCDS.scala:65]   Statement 'test3.1.0' and 'test4.1.0'
2018-10-08 00:40:26,244 INFO [ScalaTest-run-running-SparkTPCDSTest] o.a.t.SparkTPCDS$ [SparkTPCDS.scala:66]     Description matches              : true
2018-10-08 00:40:26,244 INFO [ScalaTest-run-running-SparkTPCDSTest] o.a.t.SparkTPCDS$ [SparkTPCDS.scala:67]     Details matches                  : false
2018-10-08 00:40:26,244 INFO [ScalaTest-run-running-SparkTPCDSTest] o.a.t.SparkTPCDS$ [SparkTPCDS.scala:68]     Physical plan description matches: false
2018-10-08 00:40:26,244 INFO [ScalaTest-run-running-SparkTPCDSTest] o.a.t.SparkTPCDS$ [SparkTPCDS.scala:65]   Statement 'test3.1.0' and 'test4.1.0'
2018-10-08 00:40:26,245 INFO [ScalaTest-run-running-SparkTPCDSTest] o.a.t.SparkTPCDS$ [SparkTPCDS.scala:66]     Description matches              : true
2018-10-08 00:40:26,245 INFO [ScalaTest-run-running-SparkTPCDSTest] o.a.t.SparkTPCDS$ [SparkTPCDS.scala:67]     Details matches                  : false
2018-10-08 00:40:26,245 INFO [ScalaTest-run-running-SparkTPCDSTest] o.a.t.SparkTPCDS$ [SparkTPCDS.scala:68]     Physical plan description matches: false
2018-10-08 00:40:26,245 INFO [ScalaTest-run-running-SparkTPCDSTest] o.a.t.SparkTPCDS$ [SparkTPCDS.scala:65]   Statement 'test3.1.0' and 'test4.1.0'
2018-10-08 00:40:26,245 INFO [ScalaTest-run-running-SparkTPCDSTest] o.a.t.SparkTPCDS$ [SparkTPCDS.scala:66]     Description matches              : true
2018-10-08 00:40:26,245 INFO [ScalaTest-run-running-SparkTPCDSTest] o.a.t.SparkTPCDS$ [SparkTPCDS.scala:67]     Details matches                  : false
2018-10-08 00:40:26,245 INFO [ScalaTest-run-running-SparkTPCDSTest] o.a.t.SparkTPCDS$ [SparkTPCDS.scala:68]     Physical plan description matches: false
2018-10-08 00:40:26,245 INFO [ScalaTest-run-running-SparkTPCDSTest] o.a.t.SparkTPCDS$ [SparkTPCDS.scala:65]   Statement 'test3.1.0' and 'test4.1.0'
2018-10-08 00:40:26,246 INFO [ScalaTest-run-running-SparkTPCDSTest] o.a.t.SparkTPCDS$ [SparkTPCDS.scala:66]     Description matches              : true
2018-10-08 00:40:26,246 INFO [ScalaTest-run-running-SparkTPCDSTest] o.a.t.SparkTPCDS$ [SparkTPCDS.scala:67]     Details matches                  : false
2018-10-08 00:40:26,246 INFO [ScalaTest-run-running-SparkTPCDSTest] o.a.t.SparkTPCDS$ [SparkTPCDS.scala:68]     Physical plan description matches: false
2018-10-08 00:40:26,246 INFO [ScalaTest-run-running-SparkTPCDSTest] o.a.t.SparkTPCDS$ [SparkTPCDS.scala:65]   Statement 'test3.1.0' and 'test4.1.0'
2018-10-08 00:40:26,246 INFO [ScalaTest-run-running-SparkTPCDSTest] o.a.t.SparkTPCDS$ [SparkTPCDS.scala:66]     Description matches              : true
2018-10-08 00:40:26,246 INFO [ScalaTest-run-running-SparkTPCDSTest] o.a.t.SparkTPCDS$ [SparkTPCDS.scala:67]     Details matches                  : false
2018-10-08 00:40:26,246 INFO [ScalaTest-run-running-SparkTPCDSTest] o.a.t.SparkTPCDS$ [SparkTPCDS.scala:68]     Physical plan description matches: false
2018-10-08 00:40:26,247 INFO [ScalaTest-run-running-SparkTPCDSTest] o.a.t.SparkTPCDS$ [SparkTPCDS.scala:65]   Statement 'test3.1.0' and 'test4.1.0'
2018-10-08 00:40:26,247 INFO [ScalaTest-run-running-SparkTPCDSTest] o.a.t.SparkTPCDS$ [SparkTPCDS.scala:66]     Description matches              : true
2018-10-08 00:40:26,247 INFO [ScalaTest-run-running-SparkTPCDSTest] o.a.t.SparkTPCDS$ [SparkTPCDS.scala:67]     Details matches                  : false
2018-10-08 00:40:26,247 INFO [ScalaTest-run-running-SparkTPCDSTest] o.a.t.SparkTPCDS$ [SparkTPCDS.scala:68]     Physical plan description matches: false
2018-10-08 00:40:26,247 INFO [ScalaTest-run-running-SparkTPCDSTest] o.a.t.SparkTPCDS$ [SparkTPCDS.scala:65]   Statement 'test3.1.0' and 'test4.1.0'
2018-10-08 00:40:26,247 INFO [ScalaTest-run-running-SparkTPCDSTest] o.a.t.SparkTPCDS$ [SparkTPCDS.scala:66]     Description matches              : false
2018-10-08 00:40:26,247 INFO [ScalaTest-run-running-SparkTPCDSTest] o.a.t.SparkTPCDS$ [SparkTPCDS.scala:67]     Details matches                  : false
2018-10-08 00:40:26,247 INFO [ScalaTest-run-running-SparkTPCDSTest] o.a.t.SparkTPCDS$ [SparkTPCDS.scala:68]     Physical plan description matches: false
2018-10-08 00:40:26,248 INFO [ScalaTest-run-running-SparkTPCDSTest] o.a.t.SparkTPCDS$ [SparkTPCDS.scala:65]   Statement 'test3.1.0' and 'test4.1.0'
2018-10-08 00:40:26,248 INFO [ScalaTest-run-running-SparkTPCDSTest] o.a.t.SparkTPCDS$ [SparkTPCDS.scala:66]     Description matches              : false
2018-10-08 00:40:26,248 INFO [ScalaTest-run-running-SparkTPCDSTest] o.a.t.SparkTPCDS$ [SparkTPCDS.scala:67]     Details matches                  : false
2018-10-08 00:40:26,248 INFO [ScalaTest-run-running-SparkTPCDSTest] o.a.t.SparkTPCDS$ [SparkTPCDS.scala:68]     Physical plan description matches: false
2018-10-08 00:40:26,248 INFO [ScalaTest-run-running-SparkTPCDSTest] o.a.t.SparkTPCDS$ [SparkTPCDS.scala:65]   Statement 'test3.1.0' and 'test4.1.0'
2018-10-08 00:40:26,248 INFO [ScalaTest-run-running-SparkTPCDSTest] o.a.t.SparkTPCDS$ [SparkTPCDS.scala:66]     Description matches              : true
2018-10-08 00:40:26,248 INFO [ScalaTest-run-running-SparkTPCDSTest] o.a.t.SparkTPCDS$ [SparkTPCDS.scala:67]     Details matches                  : false
2018-10-08 00:40:26,248 INFO [ScalaTest-run-running-SparkTPCDSTest] o.a.t.SparkTPCDS$ [SparkTPCDS.scala:68]     Physical plan description matches: false
2018-10-08 00:40:26,249 INFO [ScalaTest-run-running-SparkTPCDSTest] o.a.t.SparkTPCDS$ [SparkTPCDS.scala:65]   Statement 'test3.1.0' and 'test4.1.0'
2018-10-08 00:40:26,249 INFO [ScalaTest-run-running-SparkTPCDSTest] o.a.t.SparkTPCDS$ [SparkTPCDS.scala:66]     Description matches              : true
2018-10-08 00:40:26,249 INFO [ScalaTest-run-running-SparkTPCDSTest] o.a.t.SparkTPCDS$ [SparkTPCDS.scala:67]     Details matches                  : false
2018-10-08 00:40:26,249 INFO [ScalaTest-run-running-SparkTPCDSTest] o.a.t.SparkTPCDS$ [SparkTPCDS.scala:68]     Physical plan description matches: false
2018-10-08 00:40:26,249 INFO [ScalaTest-run-running-SparkTPCDSTest] o.a.t.SparkTPCDS$ [SparkTPCDS.scala:65]   Statement 'test3.1.1' and 'test4.1.1'
2018-10-08 00:40:26,249 INFO [ScalaTest-run-running-SparkTPCDSTest] o.a.t.SparkTPCDS$ [SparkTPCDS.scala:66]     Description matches              : true
2018-10-08 00:40:26,249 INFO [ScalaTest-run-running-SparkTPCDSTest] o.a.t.SparkTPCDS$ [SparkTPCDS.scala:67]     Details matches                  : false
2018-10-08 00:40:26,249 INFO [ScalaTest-run-running-SparkTPCDSTest] o.a.t.SparkTPCDS$ [SparkTPCDS.scala:68]     Physical plan description matches: false
2018-10-08 00:40:26,249 INFO [ScalaTest-run-running-SparkTPCDSTest] o.a.t.SparkTPCDS$ [SparkTPCDS.scala:65]   Statement 'test3.1.1' and 'test4.1.1'
2018-10-08 00:40:26,250 INFO [ScalaTest-run-running-SparkTPCDSTest] o.a.t.SparkTPCDS$ [SparkTPCDS.scala:66]     Description matches              : true
2018-10-08 00:40:26,250 INFO [ScalaTest-run-running-SparkTPCDSTest] o.a.t.SparkTPCDS$ [SparkTPCDS.scala:67]     Details matches                  : false
2018-10-08 00:40:26,250 INFO [ScalaTest-run-running-SparkTPCDSTest] o.a.t.SparkTPCDS$ [SparkTPCDS.scala:68]     Physical plan description matches: false
2018-10-08 00:40:26,250 INFO [ScalaTest-run-running-SparkTPCDSTest] o.a.t.SparkTPCDS$ [SparkTPCDS.scala:65]   Statement 'test3.1.1' and 'test4.1.1'
2018-10-08 00:40:26,250 INFO [ScalaTest-run-running-SparkTPCDSTest] o.a.t.SparkTPCDS$ [SparkTPCDS.scala:66]     Description matches              : true
2018-10-08 00:40:26,250 INFO [ScalaTest-run-running-SparkTPCDSTest] o.a.t.SparkTPCDS$ [SparkTPCDS.scala:67]     Details matches                  : false
2018-10-08 00:40:26,250 INFO [ScalaTest-run-running-SparkTPCDSTest] o.a.t.SparkTPCDS$ [SparkTPCDS.scala:68]     Physical plan description matches: false
2018-10-08 00:40:26,251 INFO [ScalaTest-run-running-SparkTPCDSTest] o.a.t.SparkTPCDS$ [SparkTPCDS.scala:65]   Statement 'test3.1.1' and 'test4.1.1'
2018-10-08 00:40:26,251 INFO [ScalaTest-run-running-SparkTPCDSTest] o.a.t.SparkTPCDS$ [SparkTPCDS.scala:66]     Description matches              : true
2018-10-08 00:40:26,251 INFO [ScalaTest-run-running-SparkTPCDSTest] o.a.t.SparkTPCDS$ [SparkTPCDS.scala:67]     Details matches                  : false
2018-10-08 00:40:26,251 INFO [ScalaTest-run-running-SparkTPCDSTest] o.a.t.SparkTPCDS$ [SparkTPCDS.scala:68]     Physical plan description matches: false
2018-10-08 00:40:26,251 INFO [ScalaTest-run-running-SparkTPCDSTest] o.a.t.SparkTPCDS$ [SparkTPCDS.scala:65]   Statement 'test3.1.1' and 'test4.1.1'
2018-10-08 00:40:26,251 INFO [ScalaTest-run-running-SparkTPCDSTest] o.a.t.SparkTPCDS$ [SparkTPCDS.scala:66]     Description matches              : true
2018-10-08 00:40:26,251 INFO [ScalaTest-run-running-SparkTPCDSTest] o.a.t.SparkTPCDS$ [SparkTPCDS.scala:67]     Details matches                  : false
2018-10-08 00:40:26,251 INFO [ScalaTest-run-running-SparkTPCDSTest] o.a.t.SparkTPCDS$ [SparkTPCDS.scala:68]     Physical plan description matches: false
2018-10-08 00:40:26,252 INFO [ScalaTest-run-running-SparkTPCDSTest] o.a.t.SparkTPCDS$ [SparkTPCDS.scala:65]   Statement 'test3.1.1' and 'test4.1.1'
2018-10-08 00:40:26,252 INFO [ScalaTest-run-running-SparkTPCDSTest] o.a.t.SparkTPCDS$ [SparkTPCDS.scala:66]     Description matches              : true
2018-10-08 00:40:26,252 INFO [ScalaTest-run-running-SparkTPCDSTest] o.a.t.SparkTPCDS$ [SparkTPCDS.scala:67]     Details matches                  : false
2018-10-08 00:40:26,252 INFO [ScalaTest-run-running-SparkTPCDSTest] o.a.t.SparkTPCDS$ [SparkTPCDS.scala:68]     Physical plan description matches: false
2018-10-08 00:40:26,252 INFO [ScalaTest-run-running-SparkTPCDSTest] o.a.t.SparkTPCDS$ [SparkTPCDS.scala:65]   Statement 'test3.1.1' and 'test4.1.1'
2018-10-08 00:40:26,252 INFO [ScalaTest-run-running-SparkTPCDSTest] o.a.t.SparkTPCDS$ [SparkTPCDS.scala:66]     Description matches              : true
2018-10-08 00:40:26,252 INFO [ScalaTest-run-running-SparkTPCDSTest] o.a.t.SparkTPCDS$ [SparkTPCDS.scala:67]     Details matches                  : false
2018-10-08 00:40:26,252 INFO [ScalaTest-run-running-SparkTPCDSTest] o.a.t.SparkTPCDS$ [SparkTPCDS.scala:68]     Physical plan description matches: false
2018-10-08 00:40:26,253 INFO [ScalaTest-run-running-SparkTPCDSTest] o.a.t.SparkTPCDS$ [SparkTPCDS.scala:65]   Statement 'test3.1.1' and 'test4.1.1'
2018-10-08 00:40:26,253 INFO [ScalaTest-run-running-SparkTPCDSTest] o.a.t.SparkTPCDS$ [SparkTPCDS.scala:66]     Description matches              : true
2018-10-08 00:40:26,253 INFO [ScalaTest-run-running-SparkTPCDSTest] o.a.t.SparkTPCDS$ [SparkTPCDS.scala:67]     Details matches                  : false
2018-10-08 00:40:26,253 INFO [ScalaTest-run-running-SparkTPCDSTest] o.a.t.SparkTPCDS$ [SparkTPCDS.scala:68]     Physical plan description matches: false
2018-10-08 00:40:26,253 INFO [ScalaTest-run-running-SparkTPCDSTest] o.a.t.SparkTPCDS$ [SparkTPCDS.scala:65]   Statement 'test3.1.1' and 'test4.1.1'
2018-10-08 00:40:26,253 INFO [ScalaTest-run-running-SparkTPCDSTest] o.a.t.SparkTPCDS$ [SparkTPCDS.scala:66]     Description matches              : false
2018-10-08 00:40:26,253 INFO [ScalaTest-run-running-SparkTPCDSTest] o.a.t.SparkTPCDS$ [SparkTPCDS.scala:67]     Details matches                  : false
2018-10-08 00:40:26,253 INFO [ScalaTest-run-running-SparkTPCDSTest] o.a.t.SparkTPCDS$ [SparkTPCDS.scala:68]     Physical plan description matches: false
2018-10-08 00:40:26,253 INFO [ScalaTest-run-running-SparkTPCDSTest] o.a.t.SparkTPCDS$ [SparkTPCDS.scala:65]   Statement 'test3.1.1' and 'test4.1.1'
2018-10-08 00:40:26,254 INFO [ScalaTest-run-running-SparkTPCDSTest] o.a.t.SparkTPCDS$ [SparkTPCDS.scala:66]     Description matches              : true
2018-10-08 00:40:26,254 INFO [ScalaTest-run-running-SparkTPCDSTest] o.a.t.SparkTPCDS$ [SparkTPCDS.scala:67]     Details matches                  : false
2018-10-08 00:40:26,254 INFO [ScalaTest-run-running-SparkTPCDSTest] o.a.t.SparkTPCDS$ [SparkTPCDS.scala:68]     Physical plan description matches: false
2018-10-08 00:40:26,254 INFO [ScalaTest-run-running-SparkTPCDSTest] o.a.t.SparkTPCDS$ [SparkTPCDS.scala:65]   Statement 'test3.1.1' and 'test4.1.1'
2018-10-08 00:40:26,254 INFO [ScalaTest-run-running-SparkTPCDSTest] o.a.t.SparkTPCDS$ [SparkTPCDS.scala:66]     Description matches              : false
2018-10-08 00:40:26,254 INFO [ScalaTest-run-running-SparkTPCDSTest] o.a.t.SparkTPCDS$ [SparkTPCDS.scala:67]     Details matches                  : false
2018-10-08 00:40:26,254 INFO [ScalaTest-run-running-SparkTPCDSTest] o.a.t.SparkTPCDS$ [SparkTPCDS.scala:68]     Physical plan description matches: false
2018-10-08 00:40:26,255 INFO [ScalaTest-run-running-SparkTPCDSTest] o.a.t.SparkTPCDS$ [SparkTPCDS.scala:65]   Statement 'test3.1.1' and 'test4.1.1'
2018-10-08 00:40:26,255 INFO [ScalaTest-run-running-SparkTPCDSTest] o.a.t.SparkTPCDS$ [SparkTPCDS.scala:66]     Description matches              : true
2018-10-08 00:40:26,255 INFO [ScalaTest-run-running-SparkTPCDSTest] o.a.t.SparkTPCDS$ [SparkTPCDS.scala:67]     Details matches                  : false
2018-10-08 00:40:26,255 INFO [ScalaTest-run-running-SparkTPCDSTest] o.a.t.SparkTPCDS$ [SparkTPCDS.scala:68]     Physical plan description matches: false
2018-10-08 00:40:26,255 INFO [ScalaTest-run-running-SparkTPCDSTest] o.a.t.SparkTPCDS$ [SparkTPCDS.scala:65]   Statement 'test3.1.1' and 'test4.1.1'
2018-10-08 00:40:26,255 INFO [ScalaTest-run-running-SparkTPCDSTest] o.a.t.SparkTPCDS$ [SparkTPCDS.scala:66]     Description matches              : true
2018-10-08 00:40:26,255 INFO [ScalaTest-run-running-SparkTPCDSTest] o.a.t.SparkTPCDS$ [SparkTPCDS.scala:67]     Details matches                  : false
2018-10-08 00:40:26,255 INFO [ScalaTest-run-running-SparkTPCDSTest] o.a.t.SparkTPCDS$ [SparkTPCDS.scala:68]     Physical plan description matches: false
2018-10-08 00:40:26,867 INFO [ScalaTest-run-running-SparkTPCDSTest] o.a.t.r.Run [Run.scala:27] Start run 'test5' ...
2018-10-08 00:40:26,871 INFO [ScalaTest-run-running-SparkTPCDSTest] o.a.t.q.Query [Query.scala:19] Run query '1' ... 
2018-10-08 00:40:26,917 INFO [ScalaTest-run-running-SparkTPCDSTest] o.a.t.s.Statement [Statement.scala:27] 99
2018-10-08 00:40:27,164 INFO [ScalaTest-run-running-SparkTPCDSTest] o.a.t.s.Statement [Statement.scala:27] 9801
2018-10-08 00:40:27,344 INFO [ScalaTest-run-running-SparkTPCDSTest] o.a.t.q.Query [Query.scala:21] Finished query '1'.
2018-10-08 00:40:27,344 INFO [ScalaTest-run-running-SparkTPCDSTest] o.a.t.r.Run [Run.scala:30] Finished run 'test5'.
2018-10-08 00:40:28,030 INFO [ScalaTest-run-running-SparkTPCDSTest] o.a.t.r.Run [Run.scala:27] Start run 'test6' ...
2018-10-08 00:40:28,036 INFO [ScalaTest-run-running-SparkTPCDSTest] o.a.t.q.Query [Query.scala:19] Run query '2' ... 
2018-10-08 00:40:28,086 INFO [ScalaTest-run-running-SparkTPCDSTest] o.a.t.s.Statement [Statement.scala:27] 9999
2018-10-08 00:40:28,290 INFO [ScalaTest-run-running-SparkTPCDSTest] o.a.t.q.Query [Query.scala:21] Finished query '2'.
2018-10-08 00:40:28,290 INFO [ScalaTest-run-running-SparkTPCDSTest] o.a.t.r.Run [Run.scala:30] Finished run 'test6'.
2018-10-08 00:40:30,346 INFO [ScalaTest-run-running-SparkTPCDSTest] o.a.t.SparkTPCDS$ [SparkTPCDS.scala:56] Query 1
2018-10-08 00:40:30,346 INFO [ScalaTest-run-running-SparkTPCDSTest] o.a.t.SparkTPCDS$ [SparkTPCDS.scala:60]   No result found in run 2.
2018-10-08 00:40:30,346 INFO [ScalaTest-run-running-SparkTPCDSTest] o.a.t.SparkTPCDS$ [SparkTPCDS.scala:56] Query 2
2018-10-08 00:40:30,346 INFO [ScalaTest-run-running-SparkTPCDSTest] o.a.t.SparkTPCDS$ [SparkTPCDS.scala:59]   No result found in run 1.
2018-10-08 00:41:05,201 INFO [ScalaTest-run-running-SparkTPCDSTest] o.a.t.r.Run [Run.scala:27] Start run 'test' ...
2018-10-08 00:41:05,214 INFO [ScalaTest-run-running-SparkTPCDSTest] o.a.t.q.Query [Query.scala:19] Run query '1' ... 
2018-10-08 00:41:05,392 INFO [ScalaTest-run-running-SparkTPCDSTest] o.a.t.s.Statement [Statement.scala:27] 99
2018-10-08 00:41:05,989 INFO [ScalaTest-run-running-SparkTPCDSTest] o.a.t.s.Statement [Statement.scala:27] 9801
2018-10-08 00:41:06,258 INFO [ScalaTest-run-running-SparkTPCDSTest] o.a.t.q.Query [Query.scala:21] Finished query '1'.
2018-10-08 00:41:06,259 INFO [ScalaTest-run-running-SparkTPCDSTest] o.a.t.r.Run [Run.scala:30] Finished run 'test'.
2018-10-08 00:41:07,360 INFO [ScalaTest-run-running-SparkTPCDSTest] o.a.t.r.Run [Run.scala:27] Start run 'test1' ...
2018-10-08 00:41:07,368 INFO [ScalaTest-run-running-SparkTPCDSTest] o.a.t.q.Query [Query.scala:19] Run query '1' ... 
2018-10-08 00:41:07,439 INFO [ScalaTest-run-running-SparkTPCDSTest] o.a.t.s.Statement [Statement.scala:27] 99
2018-10-08 00:41:07,796 INFO [ScalaTest-run-running-SparkTPCDSTest] o.a.t.s.Statement [Statement.scala:27] 9801
2018-10-08 00:41:08,028 INFO [ScalaTest-run-running-SparkTPCDSTest] o.a.t.q.Query [Query.scala:21] Finished query '1'.
2018-10-08 00:41:08,029 INFO [ScalaTest-run-running-SparkTPCDSTest] o.a.t.r.Run [Run.scala:30] Finished run 'test1'.
2018-10-08 00:41:08,855 INFO [ScalaTest-run-running-SparkTPCDSTest] o.a.t.r.Run [Run.scala:27] Start run 'test2' ...
2018-10-08 00:41:08,863 INFO [ScalaTest-run-running-SparkTPCDSTest] o.a.t.q.Query [Query.scala:19] Run query '2' ... 
2018-10-08 00:41:08,931 INFO [ScalaTest-run-running-SparkTPCDSTest] o.a.t.s.Statement [Statement.scala:27] 9999
2018-10-08 00:41:09,166 INFO [ScalaTest-run-running-SparkTPCDSTest] o.a.t.q.Query [Query.scala:21] Finished query '2'.
2018-10-08 00:41:09,166 INFO [ScalaTest-run-running-SparkTPCDSTest] o.a.t.r.Run [Run.scala:30] Finished run 'test2'.
2018-10-08 00:41:10,648 INFO [ScalaTest-run-running-SparkTPCDSTest] o.a.t.SparkTPCDS$ [SparkTPCDS.scala:38] %-25s %25s

2018-10-08 00:41:12,315 INFO [ScalaTest-run-running-SparkTPCDSTest] o.a.t.SparkTPCDS$ [SparkTPCDS.scala:38] %-25s %25s

2018-10-08 00:41:13,801 INFO [ScalaTest-run-running-SparkTPCDSTest] o.a.t.SparkTPCDS$ [SparkTPCDS.scala:38] %-25s %25s

2018-10-08 00:41:14,453 INFO [ScalaTest-run-running-SparkTPCDSTest] o.a.t.r.Run [Run.scala:27] Start run 'test3' ...
2018-10-08 00:41:14,458 INFO [ScalaTest-run-running-SparkTPCDSTest] o.a.t.q.Query [Query.scala:19] Run query '1' ... 
2018-10-08 00:41:14,507 INFO [ScalaTest-run-running-SparkTPCDSTest] o.a.t.s.Statement [Statement.scala:27] 99
2018-10-08 00:41:14,848 INFO [ScalaTest-run-running-SparkTPCDSTest] o.a.t.s.Statement [Statement.scala:27] 9801
2018-10-08 00:41:15,039 INFO [ScalaTest-run-running-SparkTPCDSTest] o.a.t.q.Query [Query.scala:21] Finished query '1'.
2018-10-08 00:41:15,039 INFO [ScalaTest-run-running-SparkTPCDSTest] o.a.t.r.Run [Run.scala:30] Finished run 'test3'.
2018-10-08 00:41:15,724 INFO [ScalaTest-run-running-SparkTPCDSTest] o.a.t.r.Run [Run.scala:27] Start run 'test4' ...
2018-10-08 00:41:15,728 INFO [ScalaTest-run-running-SparkTPCDSTest] o.a.t.q.Query [Query.scala:19] Run query '1' ... 
2018-10-08 00:41:15,775 INFO [ScalaTest-run-running-SparkTPCDSTest] o.a.t.s.Statement [Statement.scala:27] 99
2018-10-08 00:41:16,040 INFO [ScalaTest-run-running-SparkTPCDSTest] o.a.t.s.Statement [Statement.scala:27] 9801
2018-10-08 00:41:16,227 INFO [ScalaTest-run-running-SparkTPCDSTest] o.a.t.q.Query [Query.scala:21] Finished query '1'.
2018-10-08 00:41:16,228 INFO [ScalaTest-run-running-SparkTPCDSTest] o.a.t.r.Run [Run.scala:30] Finished run 'test4'.
2018-10-08 00:41:18,750 INFO [ScalaTest-run-running-SparkTPCDSTest] o.a.t.SparkTPCDS$ [SparkTPCDS.scala:56] Query 1
2018-10-08 00:41:18,750 INFO [ScalaTest-run-running-SparkTPCDSTest] o.a.t.SparkTPCDS$ [SparkTPCDS.scala:62]   Elapsed time matches               : false
2018-10-08 00:41:18,751 INFO [ScalaTest-run-running-SparkTPCDSTest] o.a.t.SparkTPCDS$ [SparkTPCDS.scala:65]   Statement 'test3.1.0' and 'test4.1.0'
2018-10-08 00:41:18,751 INFO [ScalaTest-run-running-SparkTPCDSTest] o.a.t.SparkTPCDS$ [SparkTPCDS.scala:66]     Description matches              : true
2018-10-08 00:41:18,751 INFO [ScalaTest-run-running-SparkTPCDSTest] o.a.t.SparkTPCDS$ [SparkTPCDS.scala:67]     Details matches                  : false
2018-10-08 00:41:18,751 INFO [ScalaTest-run-running-SparkTPCDSTest] o.a.t.SparkTPCDS$ [SparkTPCDS.scala:68]     Physical plan description matches: false
2018-10-08 00:41:18,751 INFO [ScalaTest-run-running-SparkTPCDSTest] o.a.t.SparkTPCDS$ [SparkTPCDS.scala:65]   Statement 'test3.1.0' and 'test4.1.0'
2018-10-08 00:41:18,751 INFO [ScalaTest-run-running-SparkTPCDSTest] o.a.t.SparkTPCDS$ [SparkTPCDS.scala:66]     Description matches              : true
2018-10-08 00:41:18,752 INFO [ScalaTest-run-running-SparkTPCDSTest] o.a.t.SparkTPCDS$ [SparkTPCDS.scala:67]     Details matches                  : false
2018-10-08 00:41:18,752 INFO [ScalaTest-run-running-SparkTPCDSTest] o.a.t.SparkTPCDS$ [SparkTPCDS.scala:68]     Physical plan description matches: false
2018-10-08 00:41:18,752 INFO [ScalaTest-run-running-SparkTPCDSTest] o.a.t.SparkTPCDS$ [SparkTPCDS.scala:65]   Statement 'test3.1.0' and 'test4.1.0'
2018-10-08 00:41:18,752 INFO [ScalaTest-run-running-SparkTPCDSTest] o.a.t.SparkTPCDS$ [SparkTPCDS.scala:66]     Description matches              : true
2018-10-08 00:41:18,752 INFO [ScalaTest-run-running-SparkTPCDSTest] o.a.t.SparkTPCDS$ [SparkTPCDS.scala:67]     Details matches                  : false
2018-10-08 00:41:18,752 INFO [ScalaTest-run-running-SparkTPCDSTest] o.a.t.SparkTPCDS$ [SparkTPCDS.scala:68]     Physical plan description matches: false
2018-10-08 00:41:18,752 INFO [ScalaTest-run-running-SparkTPCDSTest] o.a.t.SparkTPCDS$ [SparkTPCDS.scala:65]   Statement 'test3.1.0' and 'test4.1.0'
2018-10-08 00:41:18,752 INFO [ScalaTest-run-running-SparkTPCDSTest] o.a.t.SparkTPCDS$ [SparkTPCDS.scala:66]     Description matches              : true
2018-10-08 00:41:18,753 INFO [ScalaTest-run-running-SparkTPCDSTest] o.a.t.SparkTPCDS$ [SparkTPCDS.scala:67]     Details matches                  : false
2018-10-08 00:41:18,753 INFO [ScalaTest-run-running-SparkTPCDSTest] o.a.t.SparkTPCDS$ [SparkTPCDS.scala:68]     Physical plan description matches: false
2018-10-08 00:41:18,753 INFO [ScalaTest-run-running-SparkTPCDSTest] o.a.t.SparkTPCDS$ [SparkTPCDS.scala:65]   Statement 'test3.1.0' and 'test4.1.0'
2018-10-08 00:41:18,753 INFO [ScalaTest-run-running-SparkTPCDSTest] o.a.t.SparkTPCDS$ [SparkTPCDS.scala:66]     Description matches              : true
2018-10-08 00:41:18,753 INFO [ScalaTest-run-running-SparkTPCDSTest] o.a.t.SparkTPCDS$ [SparkTPCDS.scala:67]     Details matches                  : false
2018-10-08 00:41:18,753 INFO [ScalaTest-run-running-SparkTPCDSTest] o.a.t.SparkTPCDS$ [SparkTPCDS.scala:68]     Physical plan description matches: false
2018-10-08 00:41:18,753 INFO [ScalaTest-run-running-SparkTPCDSTest] o.a.t.SparkTPCDS$ [SparkTPCDS.scala:65]   Statement 'test3.1.0' and 'test4.1.0'
2018-10-08 00:41:18,753 INFO [ScalaTest-run-running-SparkTPCDSTest] o.a.t.SparkTPCDS$ [SparkTPCDS.scala:66]     Description matches              : true
2018-10-08 00:41:18,754 INFO [ScalaTest-run-running-SparkTPCDSTest] o.a.t.SparkTPCDS$ [SparkTPCDS.scala:67]     Details matches                  : false
2018-10-08 00:41:18,754 INFO [ScalaTest-run-running-SparkTPCDSTest] o.a.t.SparkTPCDS$ [SparkTPCDS.scala:68]     Physical plan description matches: false
2018-10-08 00:41:18,754 INFO [ScalaTest-run-running-SparkTPCDSTest] o.a.t.SparkTPCDS$ [SparkTPCDS.scala:65]   Statement 'test3.1.0' and 'test4.1.0'
2018-10-08 00:41:18,754 INFO [ScalaTest-run-running-SparkTPCDSTest] o.a.t.SparkTPCDS$ [SparkTPCDS.scala:66]     Description matches              : true
2018-10-08 00:41:18,754 INFO [ScalaTest-run-running-SparkTPCDSTest] o.a.t.SparkTPCDS$ [SparkTPCDS.scala:67]     Details matches                  : false
2018-10-08 00:41:18,754 INFO [ScalaTest-run-running-SparkTPCDSTest] o.a.t.SparkTPCDS$ [SparkTPCDS.scala:68]     Physical plan description matches: false
2018-10-08 00:41:18,754 INFO [ScalaTest-run-running-SparkTPCDSTest] o.a.t.SparkTPCDS$ [SparkTPCDS.scala:65]   Statement 'test3.1.0' and 'test4.1.0'
2018-10-08 00:41:18,754 INFO [ScalaTest-run-running-SparkTPCDSTest] o.a.t.SparkTPCDS$ [SparkTPCDS.scala:66]     Description matches              : true
2018-10-08 00:41:18,755 INFO [ScalaTest-run-running-SparkTPCDSTest] o.a.t.SparkTPCDS$ [SparkTPCDS.scala:67]     Details matches                  : false
2018-10-08 00:41:18,755 INFO [ScalaTest-run-running-SparkTPCDSTest] o.a.t.SparkTPCDS$ [SparkTPCDS.scala:68]     Physical plan description matches: false
2018-10-08 00:41:18,755 INFO [ScalaTest-run-running-SparkTPCDSTest] o.a.t.SparkTPCDS$ [SparkTPCDS.scala:65]   Statement 'test3.1.0' and 'test4.1.0'
2018-10-08 00:41:18,755 INFO [ScalaTest-run-running-SparkTPCDSTest] o.a.t.SparkTPCDS$ [SparkTPCDS.scala:66]     Description matches              : true
2018-10-08 00:41:18,755 INFO [ScalaTest-run-running-SparkTPCDSTest] o.a.t.SparkTPCDS$ [SparkTPCDS.scala:67]     Details matches                  : false
2018-10-08 00:41:18,755 INFO [ScalaTest-run-running-SparkTPCDSTest] o.a.t.SparkTPCDS$ [SparkTPCDS.scala:68]     Physical plan description matches: false
2018-10-08 00:41:18,755 INFO [ScalaTest-run-running-SparkTPCDSTest] o.a.t.SparkTPCDS$ [SparkTPCDS.scala:65]   Statement 'test3.1.0' and 'test4.1.0'
2018-10-08 00:41:18,756 INFO [ScalaTest-run-running-SparkTPCDSTest] o.a.t.SparkTPCDS$ [SparkTPCDS.scala:66]     Description matches              : true
2018-10-08 00:41:18,756 INFO [ScalaTest-run-running-SparkTPCDSTest] o.a.t.SparkTPCDS$ [SparkTPCDS.scala:67]     Details matches                  : false
2018-10-08 00:41:18,756 INFO [ScalaTest-run-running-SparkTPCDSTest] o.a.t.SparkTPCDS$ [SparkTPCDS.scala:68]     Physical plan description matches: false
2018-10-08 00:41:18,756 INFO [ScalaTest-run-running-SparkTPCDSTest] o.a.t.SparkTPCDS$ [SparkTPCDS.scala:65]   Statement 'test3.1.0' and 'test4.1.0'
2018-10-08 00:41:18,756 INFO [ScalaTest-run-running-SparkTPCDSTest] o.a.t.SparkTPCDS$ [SparkTPCDS.scala:66]     Description matches              : false
2018-10-08 00:41:18,756 INFO [ScalaTest-run-running-SparkTPCDSTest] o.a.t.SparkTPCDS$ [SparkTPCDS.scala:67]     Details matches                  : false
2018-10-08 00:41:18,756 INFO [ScalaTest-run-running-SparkTPCDSTest] o.a.t.SparkTPCDS$ [SparkTPCDS.scala:68]     Physical plan description matches: false
2018-10-08 00:41:18,756 INFO [ScalaTest-run-running-SparkTPCDSTest] o.a.t.SparkTPCDS$ [SparkTPCDS.scala:65]   Statement 'test3.1.0' and 'test4.1.0'
2018-10-08 00:41:18,757 INFO [ScalaTest-run-running-SparkTPCDSTest] o.a.t.SparkTPCDS$ [SparkTPCDS.scala:66]     Description matches              : false
2018-10-08 00:41:18,757 INFO [ScalaTest-run-running-SparkTPCDSTest] o.a.t.SparkTPCDS$ [SparkTPCDS.scala:67]     Details matches                  : false
2018-10-08 00:41:18,757 INFO [ScalaTest-run-running-SparkTPCDSTest] o.a.t.SparkTPCDS$ [SparkTPCDS.scala:68]     Physical plan description matches: false
2018-10-08 00:41:18,757 INFO [ScalaTest-run-running-SparkTPCDSTest] o.a.t.SparkTPCDS$ [SparkTPCDS.scala:65]   Statement 'test3.1.0' and 'test4.1.0'
2018-10-08 00:41:18,757 INFO [ScalaTest-run-running-SparkTPCDSTest] o.a.t.SparkTPCDS$ [SparkTPCDS.scala:66]     Description matches              : true
2018-10-08 00:41:18,757 INFO [ScalaTest-run-running-SparkTPCDSTest] o.a.t.SparkTPCDS$ [SparkTPCDS.scala:67]     Details matches                  : false
2018-10-08 00:41:18,757 INFO [ScalaTest-run-running-SparkTPCDSTest] o.a.t.SparkTPCDS$ [SparkTPCDS.scala:68]     Physical plan description matches: false
2018-10-08 00:41:18,758 INFO [ScalaTest-run-running-SparkTPCDSTest] o.a.t.SparkTPCDS$ [SparkTPCDS.scala:65]   Statement 'test3.1.0' and 'test4.1.0'
2018-10-08 00:41:18,758 INFO [ScalaTest-run-running-SparkTPCDSTest] o.a.t.SparkTPCDS$ [SparkTPCDS.scala:66]     Description matches              : true
2018-10-08 00:41:18,758 INFO [ScalaTest-run-running-SparkTPCDSTest] o.a.t.SparkTPCDS$ [SparkTPCDS.scala:67]     Details matches                  : false
2018-10-08 00:41:18,758 INFO [ScalaTest-run-running-SparkTPCDSTest] o.a.t.SparkTPCDS$ [SparkTPCDS.scala:68]     Physical plan description matches: false
2018-10-08 00:41:18,758 INFO [ScalaTest-run-running-SparkTPCDSTest] o.a.t.SparkTPCDS$ [SparkTPCDS.scala:65]   Statement 'test3.1.1' and 'test4.1.1'
2018-10-08 00:41:18,758 INFO [ScalaTest-run-running-SparkTPCDSTest] o.a.t.SparkTPCDS$ [SparkTPCDS.scala:66]     Description matches              : true
2018-10-08 00:41:18,758 INFO [ScalaTest-run-running-SparkTPCDSTest] o.a.t.SparkTPCDS$ [SparkTPCDS.scala:67]     Details matches                  : false
2018-10-08 00:41:18,759 INFO [ScalaTest-run-running-SparkTPCDSTest] o.a.t.SparkTPCDS$ [SparkTPCDS.scala:68]     Physical plan description matches: false
2018-10-08 00:41:18,759 INFO [ScalaTest-run-running-SparkTPCDSTest] o.a.t.SparkTPCDS$ [SparkTPCDS.scala:65]   Statement 'test3.1.1' and 'test4.1.1'
2018-10-08 00:41:18,759 INFO [ScalaTest-run-running-SparkTPCDSTest] o.a.t.SparkTPCDS$ [SparkTPCDS.scala:66]     Description matches              : true
2018-10-08 00:41:18,759 INFO [ScalaTest-run-running-SparkTPCDSTest] o.a.t.SparkTPCDS$ [SparkTPCDS.scala:67]     Details matches                  : false
2018-10-08 00:41:18,759 INFO [ScalaTest-run-running-SparkTPCDSTest] o.a.t.SparkTPCDS$ [SparkTPCDS.scala:68]     Physical plan description matches: false
2018-10-08 00:41:18,759 INFO [ScalaTest-run-running-SparkTPCDSTest] o.a.t.SparkTPCDS$ [SparkTPCDS.scala:65]   Statement 'test3.1.1' and 'test4.1.1'
2018-10-08 00:41:18,759 INFO [ScalaTest-run-running-SparkTPCDSTest] o.a.t.SparkTPCDS$ [SparkTPCDS.scala:66]     Description matches              : true
2018-10-08 00:41:18,759 INFO [ScalaTest-run-running-SparkTPCDSTest] o.a.t.SparkTPCDS$ [SparkTPCDS.scala:67]     Details matches                  : false
2018-10-08 00:41:18,760 INFO [ScalaTest-run-running-SparkTPCDSTest] o.a.t.SparkTPCDS$ [SparkTPCDS.scala:68]     Physical plan description matches: false
2018-10-08 00:41:18,760 INFO [ScalaTest-run-running-SparkTPCDSTest] o.a.t.SparkTPCDS$ [SparkTPCDS.scala:65]   Statement 'test3.1.1' and 'test4.1.1'
2018-10-08 00:41:18,760 INFO [ScalaTest-run-running-SparkTPCDSTest] o.a.t.SparkTPCDS$ [SparkTPCDS.scala:66]     Description matches              : true
2018-10-08 00:41:18,760 INFO [ScalaTest-run-running-SparkTPCDSTest] o.a.t.SparkTPCDS$ [SparkTPCDS.scala:67]     Details matches                  : false
2018-10-08 00:41:18,760 INFO [ScalaTest-run-running-SparkTPCDSTest] o.a.t.SparkTPCDS$ [SparkTPCDS.scala:68]     Physical plan description matches: false
2018-10-08 00:41:18,760 INFO [ScalaTest-run-running-SparkTPCDSTest] o.a.t.SparkTPCDS$ [SparkTPCDS.scala:65]   Statement 'test3.1.1' and 'test4.1.1'
2018-10-08 00:41:18,760 INFO [ScalaTest-run-running-SparkTPCDSTest] o.a.t.SparkTPCDS$ [SparkTPCDS.scala:66]     Description matches              : true
2018-10-08 00:41:18,761 INFO [ScalaTest-run-running-SparkTPCDSTest] o.a.t.SparkTPCDS$ [SparkTPCDS.scala:67]     Details matches                  : false
2018-10-08 00:41:18,761 INFO [ScalaTest-run-running-SparkTPCDSTest] o.a.t.SparkTPCDS$ [SparkTPCDS.scala:68]     Physical plan description matches: false
2018-10-08 00:41:18,761 INFO [ScalaTest-run-running-SparkTPCDSTest] o.a.t.SparkTPCDS$ [SparkTPCDS.scala:65]   Statement 'test3.1.1' and 'test4.1.1'
2018-10-08 00:41:18,761 INFO [ScalaTest-run-running-SparkTPCDSTest] o.a.t.SparkTPCDS$ [SparkTPCDS.scala:66]     Description matches              : true
2018-10-08 00:41:18,761 INFO [ScalaTest-run-running-SparkTPCDSTest] o.a.t.SparkTPCDS$ [SparkTPCDS.scala:67]     Details matches                  : false
2018-10-08 00:41:18,761 INFO [ScalaTest-run-running-SparkTPCDSTest] o.a.t.SparkTPCDS$ [SparkTPCDS.scala:68]     Physical plan description matches: false
2018-10-08 00:41:18,761 INFO [ScalaTest-run-running-SparkTPCDSTest] o.a.t.SparkTPCDS$ [SparkTPCDS.scala:65]   Statement 'test3.1.1' and 'test4.1.1'
2018-10-08 00:41:18,761 INFO [ScalaTest-run-running-SparkTPCDSTest] o.a.t.SparkTPCDS$ [SparkTPCDS.scala:66]     Description matches              : true
2018-10-08 00:41:18,762 INFO [ScalaTest-run-running-SparkTPCDSTest] o.a.t.SparkTPCDS$ [SparkTPCDS.scala:67]     Details matches                  : false
2018-10-08 00:41:18,762 INFO [ScalaTest-run-running-SparkTPCDSTest] o.a.t.SparkTPCDS$ [SparkTPCDS.scala:68]     Physical plan description matches: false
2018-10-08 00:41:18,762 INFO [ScalaTest-run-running-SparkTPCDSTest] o.a.t.SparkTPCDS$ [SparkTPCDS.scala:65]   Statement 'test3.1.1' and 'test4.1.1'
2018-10-08 00:41:18,762 INFO [ScalaTest-run-running-SparkTPCDSTest] o.a.t.SparkTPCDS$ [SparkTPCDS.scala:66]     Description matches              : true
2018-10-08 00:41:18,762 INFO [ScalaTest-run-running-SparkTPCDSTest] o.a.t.SparkTPCDS$ [SparkTPCDS.scala:67]     Details matches                  : false
2018-10-08 00:41:18,762 INFO [ScalaTest-run-running-SparkTPCDSTest] o.a.t.SparkTPCDS$ [SparkTPCDS.scala:68]     Physical plan description matches: false
2018-10-08 00:41:18,762 INFO [ScalaTest-run-running-SparkTPCDSTest] o.a.t.SparkTPCDS$ [SparkTPCDS.scala:65]   Statement 'test3.1.1' and 'test4.1.1'
2018-10-08 00:41:18,762 INFO [ScalaTest-run-running-SparkTPCDSTest] o.a.t.SparkTPCDS$ [SparkTPCDS.scala:66]     Description matches              : true
2018-10-08 00:41:18,763 INFO [ScalaTest-run-running-SparkTPCDSTest] o.a.t.SparkTPCDS$ [SparkTPCDS.scala:67]     Details matches                  : false
2018-10-08 00:41:18,763 INFO [ScalaTest-run-running-SparkTPCDSTest] o.a.t.SparkTPCDS$ [SparkTPCDS.scala:68]     Physical plan description matches: false
2018-10-08 00:41:18,763 INFO [ScalaTest-run-running-SparkTPCDSTest] o.a.t.SparkTPCDS$ [SparkTPCDS.scala:65]   Statement 'test3.1.1' and 'test4.1.1'
2018-10-08 00:41:18,763 INFO [ScalaTest-run-running-SparkTPCDSTest] o.a.t.SparkTPCDS$ [SparkTPCDS.scala:66]     Description matches              : false
2018-10-08 00:41:18,763 INFO [ScalaTest-run-running-SparkTPCDSTest] o.a.t.SparkTPCDS$ [SparkTPCDS.scala:67]     Details matches                  : false
2018-10-08 00:41:18,763 INFO [ScalaTest-run-running-SparkTPCDSTest] o.a.t.SparkTPCDS$ [SparkTPCDS.scala:68]     Physical plan description matches: false
2018-10-08 00:41:18,763 INFO [ScalaTest-run-running-SparkTPCDSTest] o.a.t.SparkTPCDS$ [SparkTPCDS.scala:65]   Statement 'test3.1.1' and 'test4.1.1'
2018-10-08 00:41:18,763 INFO [ScalaTest-run-running-SparkTPCDSTest] o.a.t.SparkTPCDS$ [SparkTPCDS.scala:66]     Description matches              : true
2018-10-08 00:41:18,764 INFO [ScalaTest-run-running-SparkTPCDSTest] o.a.t.SparkTPCDS$ [SparkTPCDS.scala:67]     Details matches                  : false
2018-10-08 00:41:18,764 INFO [ScalaTest-run-running-SparkTPCDSTest] o.a.t.SparkTPCDS$ [SparkTPCDS.scala:68]     Physical plan description matches: false
2018-10-08 00:41:18,764 INFO [ScalaTest-run-running-SparkTPCDSTest] o.a.t.SparkTPCDS$ [SparkTPCDS.scala:65]   Statement 'test3.1.1' and 'test4.1.1'
2018-10-08 00:41:18,764 INFO [ScalaTest-run-running-SparkTPCDSTest] o.a.t.SparkTPCDS$ [SparkTPCDS.scala:66]     Description matches              : false
2018-10-08 00:41:18,764 INFO [ScalaTest-run-running-SparkTPCDSTest] o.a.t.SparkTPCDS$ [SparkTPCDS.scala:67]     Details matches                  : false
2018-10-08 00:41:18,764 INFO [ScalaTest-run-running-SparkTPCDSTest] o.a.t.SparkTPCDS$ [SparkTPCDS.scala:68]     Physical plan description matches: false
2018-10-08 00:41:18,765 INFO [ScalaTest-run-running-SparkTPCDSTest] o.a.t.SparkTPCDS$ [SparkTPCDS.scala:65]   Statement 'test3.1.1' and 'test4.1.1'
2018-10-08 00:41:18,765 INFO [ScalaTest-run-running-SparkTPCDSTest] o.a.t.SparkTPCDS$ [SparkTPCDS.scala:66]     Description matches              : true
2018-10-08 00:41:18,765 INFO [ScalaTest-run-running-SparkTPCDSTest] o.a.t.SparkTPCDS$ [SparkTPCDS.scala:67]     Details matches                  : false
2018-10-08 00:41:18,765 INFO [ScalaTest-run-running-SparkTPCDSTest] o.a.t.SparkTPCDS$ [SparkTPCDS.scala:68]     Physical plan description matches: false
2018-10-08 00:41:18,765 INFO [ScalaTest-run-running-SparkTPCDSTest] o.a.t.SparkTPCDS$ [SparkTPCDS.scala:65]   Statement 'test3.1.1' and 'test4.1.1'
2018-10-08 00:41:18,766 INFO [ScalaTest-run-running-SparkTPCDSTest] o.a.t.SparkTPCDS$ [SparkTPCDS.scala:66]     Description matches              : true
2018-10-08 00:41:18,766 INFO [ScalaTest-run-running-SparkTPCDSTest] o.a.t.SparkTPCDS$ [SparkTPCDS.scala:67]     Details matches                  : false
2018-10-08 00:41:18,766 INFO [ScalaTest-run-running-SparkTPCDSTest] o.a.t.SparkTPCDS$ [SparkTPCDS.scala:68]     Physical plan description matches: false
2018-10-08 00:41:19,397 INFO [ScalaTest-run-running-SparkTPCDSTest] o.a.t.r.Run [Run.scala:27] Start run 'test5' ...
2018-10-08 00:41:19,401 INFO [ScalaTest-run-running-SparkTPCDSTest] o.a.t.q.Query [Query.scala:19] Run query '1' ... 
2018-10-08 00:41:19,447 INFO [ScalaTest-run-running-SparkTPCDSTest] o.a.t.s.Statement [Statement.scala:27] 99
2018-10-08 00:41:19,698 INFO [ScalaTest-run-running-SparkTPCDSTest] o.a.t.s.Statement [Statement.scala:27] 9801
2018-10-08 00:41:19,899 INFO [ScalaTest-run-running-SparkTPCDSTest] o.a.t.q.Query [Query.scala:21] Finished query '1'.
2018-10-08 00:41:19,899 INFO [ScalaTest-run-running-SparkTPCDSTest] o.a.t.r.Run [Run.scala:30] Finished run 'test5'.
2018-10-08 00:41:20,533 INFO [ScalaTest-run-running-SparkTPCDSTest] o.a.t.r.Run [Run.scala:27] Start run 'test6' ...
2018-10-08 00:41:20,538 INFO [ScalaTest-run-running-SparkTPCDSTest] o.a.t.q.Query [Query.scala:19] Run query '2' ... 
2018-10-08 00:41:20,597 INFO [ScalaTest-run-running-SparkTPCDSTest] o.a.t.s.Statement [Statement.scala:27] 9999
2018-10-08 00:41:20,784 INFO [ScalaTest-run-running-SparkTPCDSTest] o.a.t.q.Query [Query.scala:21] Finished query '2'.
2018-10-08 00:41:20,784 INFO [ScalaTest-run-running-SparkTPCDSTest] o.a.t.r.Run [Run.scala:30] Finished run 'test6'.
2018-10-08 00:41:22,758 INFO [ScalaTest-run-running-SparkTPCDSTest] o.a.t.SparkTPCDS$ [SparkTPCDS.scala:56] Query 1
2018-10-08 00:41:22,758 INFO [ScalaTest-run-running-SparkTPCDSTest] o.a.t.SparkTPCDS$ [SparkTPCDS.scala:60]   No result found in run 2.
2018-10-08 00:41:22,758 INFO [ScalaTest-run-running-SparkTPCDSTest] o.a.t.SparkTPCDS$ [SparkTPCDS.scala:56] Query 2
2018-10-08 00:41:22,758 INFO [ScalaTest-run-running-SparkTPCDSTest] o.a.t.SparkTPCDS$ [SparkTPCDS.scala:59]   No result found in run 1.
2018-10-08 00:43:28,763 INFO [ScalaTest-run-running-SparkTPCDSTest] o.a.t.r.Run [Run.scala:27] Start run 'test' ...
2018-10-08 00:43:28,780 INFO [ScalaTest-run-running-SparkTPCDSTest] o.a.t.q.Query [Query.scala:19] Run query '1' ... 
2018-10-08 00:43:29,007 INFO [ScalaTest-run-running-SparkTPCDSTest] o.a.t.s.Statement [Statement.scala:27] 99
2018-10-08 00:43:29,659 INFO [ScalaTest-run-running-SparkTPCDSTest] o.a.t.s.Statement [Statement.scala:27] 9801
2018-10-08 00:43:29,946 INFO [ScalaTest-run-running-SparkTPCDSTest] o.a.t.q.Query [Query.scala:21] Finished query '1'.
2018-10-08 00:43:29,946 INFO [ScalaTest-run-running-SparkTPCDSTest] o.a.t.r.Run [Run.scala:30] Finished run 'test'.
2018-10-08 00:43:31,113 INFO [ScalaTest-run-running-SparkTPCDSTest] o.a.t.r.Run [Run.scala:27] Start run 'test1' ...
2018-10-08 00:43:31,120 INFO [ScalaTest-run-running-SparkTPCDSTest] o.a.t.q.Query [Query.scala:19] Run query '1' ... 
2018-10-08 00:43:31,189 INFO [ScalaTest-run-running-SparkTPCDSTest] o.a.t.s.Statement [Statement.scala:27] 99
2018-10-08 00:43:31,575 INFO [ScalaTest-run-running-SparkTPCDSTest] o.a.t.s.Statement [Statement.scala:27] 9801
2018-10-08 00:43:31,816 INFO [ScalaTest-run-running-SparkTPCDSTest] o.a.t.q.Query [Query.scala:21] Finished query '1'.
2018-10-08 00:43:31,816 INFO [ScalaTest-run-running-SparkTPCDSTest] o.a.t.r.Run [Run.scala:30] Finished run 'test1'.
2018-10-08 00:43:32,626 INFO [ScalaTest-run-running-SparkTPCDSTest] o.a.t.r.Run [Run.scala:27] Start run 'test2' ...
2018-10-08 00:43:32,631 INFO [ScalaTest-run-running-SparkTPCDSTest] o.a.t.q.Query [Query.scala:19] Run query '2' ... 
2018-10-08 00:43:32,712 INFO [ScalaTest-run-running-SparkTPCDSTest] o.a.t.s.Statement [Statement.scala:27] 9999
2018-10-08 00:43:32,927 INFO [ScalaTest-run-running-SparkTPCDSTest] o.a.t.q.Query [Query.scala:21] Finished query '2'.
2018-10-08 00:43:32,928 INFO [ScalaTest-run-running-SparkTPCDSTest] o.a.t.r.Run [Run.scala:30] Finished run 'test2'.
2018-10-08 00:43:34,381 INFO [ScalaTest-run-running-SparkTPCDSTest] o.a.t.SparkTPCDS$ [SparkTPCDS.scala:38] %-25s %25s

2018-10-08 00:43:36,049 INFO [ScalaTest-run-running-SparkTPCDSTest] o.a.t.SparkTPCDS$ [SparkTPCDS.scala:38] %-25s %25s

2018-10-08 00:43:37,630 INFO [ScalaTest-run-running-SparkTPCDSTest] o.a.t.SparkTPCDS$ [SparkTPCDS.scala:38] %-25s %25s

2018-10-08 00:43:38,333 INFO [ScalaTest-run-running-SparkTPCDSTest] o.a.t.r.Run [Run.scala:27] Start run 'test3' ...
2018-10-08 00:43:38,339 INFO [ScalaTest-run-running-SparkTPCDSTest] o.a.t.q.Query [Query.scala:19] Run query '1' ... 
2018-10-08 00:43:38,399 INFO [ScalaTest-run-running-SparkTPCDSTest] o.a.t.s.Statement [Statement.scala:27] 99
2018-10-08 00:43:38,717 INFO [ScalaTest-run-running-SparkTPCDSTest] o.a.t.s.Statement [Statement.scala:27] 9801
2018-10-08 00:43:38,903 INFO [ScalaTest-run-running-SparkTPCDSTest] o.a.t.q.Query [Query.scala:21] Finished query '1'.
2018-10-08 00:43:38,903 INFO [ScalaTest-run-running-SparkTPCDSTest] o.a.t.r.Run [Run.scala:30] Finished run 'test3'.
2018-10-08 00:43:39,545 INFO [ScalaTest-run-running-SparkTPCDSTest] o.a.t.r.Run [Run.scala:27] Start run 'test4' ...
2018-10-08 00:43:39,550 INFO [ScalaTest-run-running-SparkTPCDSTest] o.a.t.q.Query [Query.scala:19] Run query '1' ... 
2018-10-08 00:43:39,603 INFO [ScalaTest-run-running-SparkTPCDSTest] o.a.t.s.Statement [Statement.scala:27] 99
2018-10-08 00:43:39,889 INFO [ScalaTest-run-running-SparkTPCDSTest] o.a.t.s.Statement [Statement.scala:27] 9801
2018-10-08 00:43:40,116 INFO [ScalaTest-run-running-SparkTPCDSTest] o.a.t.q.Query [Query.scala:21] Finished query '1'.
2018-10-08 00:43:40,117 INFO [ScalaTest-run-running-SparkTPCDSTest] o.a.t.r.Run [Run.scala:30] Finished run 'test4'.
2018-10-08 00:43:42,862 INFO [ScalaTest-run-running-SparkTPCDSTest] o.a.t.SparkTPCDS$ [SparkTPCDS.scala:56] Query 1
2018-10-08 00:43:42,862 INFO [ScalaTest-run-running-SparkTPCDSTest] o.a.t.SparkTPCDS$ [SparkTPCDS.scala:62]   Elapsed time matches               : false
2018-10-08 00:43:42,863 INFO [ScalaTest-run-running-SparkTPCDSTest] o.a.t.SparkTPCDS$ [SparkTPCDS.scala:65]   Statement 'test3.1.0' and 'test4.1.0'
2018-10-08 00:43:42,863 INFO [ScalaTest-run-running-SparkTPCDSTest] o.a.t.SparkTPCDS$ [SparkTPCDS.scala:66]     Description matches              : true
2018-10-08 00:43:42,863 INFO [ScalaTest-run-running-SparkTPCDSTest] o.a.t.SparkTPCDS$ [SparkTPCDS.scala:67]     Details matches                  : false
2018-10-08 00:43:42,864 INFO [ScalaTest-run-running-SparkTPCDSTest] o.a.t.SparkTPCDS$ [SparkTPCDS.scala:68]     Physical plan description matches: false
2018-10-08 00:43:42,864 INFO [ScalaTest-run-running-SparkTPCDSTest] o.a.t.SparkTPCDS$ [SparkTPCDS.scala:65]   Statement 'test3.1.0' and 'test4.1.0'
2018-10-08 00:43:42,864 INFO [ScalaTest-run-running-SparkTPCDSTest] o.a.t.SparkTPCDS$ [SparkTPCDS.scala:66]     Description matches              : true
2018-10-08 00:43:42,864 INFO [ScalaTest-run-running-SparkTPCDSTest] o.a.t.SparkTPCDS$ [SparkTPCDS.scala:67]     Details matches                  : false
2018-10-08 00:43:42,864 INFO [ScalaTest-run-running-SparkTPCDSTest] o.a.t.SparkTPCDS$ [SparkTPCDS.scala:68]     Physical plan description matches: false
2018-10-08 00:43:42,864 INFO [ScalaTest-run-running-SparkTPCDSTest] o.a.t.SparkTPCDS$ [SparkTPCDS.scala:65]   Statement 'test3.1.0' and 'test4.1.0'
2018-10-08 00:43:42,864 INFO [ScalaTest-run-running-SparkTPCDSTest] o.a.t.SparkTPCDS$ [SparkTPCDS.scala:66]     Description matches              : true
2018-10-08 00:43:42,865 INFO [ScalaTest-run-running-SparkTPCDSTest] o.a.t.SparkTPCDS$ [SparkTPCDS.scala:67]     Details matches                  : false
2018-10-08 00:43:42,865 INFO [ScalaTest-run-running-SparkTPCDSTest] o.a.t.SparkTPCDS$ [SparkTPCDS.scala:68]     Physical plan description matches: false
2018-10-08 00:43:42,865 INFO [ScalaTest-run-running-SparkTPCDSTest] o.a.t.SparkTPCDS$ [SparkTPCDS.scala:65]   Statement 'test3.1.0' and 'test4.1.0'
2018-10-08 00:43:42,865 INFO [ScalaTest-run-running-SparkTPCDSTest] o.a.t.SparkTPCDS$ [SparkTPCDS.scala:66]     Description matches              : true
2018-10-08 00:43:42,865 INFO [ScalaTest-run-running-SparkTPCDSTest] o.a.t.SparkTPCDS$ [SparkTPCDS.scala:67]     Details matches                  : false
2018-10-08 00:43:42,865 INFO [ScalaTest-run-running-SparkTPCDSTest] o.a.t.SparkTPCDS$ [SparkTPCDS.scala:68]     Physical plan description matches: false
2018-10-08 00:43:42,866 INFO [ScalaTest-run-running-SparkTPCDSTest] o.a.t.SparkTPCDS$ [SparkTPCDS.scala:65]   Statement 'test3.1.0' and 'test4.1.0'
2018-10-08 00:43:42,866 INFO [ScalaTest-run-running-SparkTPCDSTest] o.a.t.SparkTPCDS$ [SparkTPCDS.scala:66]     Description matches              : true
2018-10-08 00:43:42,866 INFO [ScalaTest-run-running-SparkTPCDSTest] o.a.t.SparkTPCDS$ [SparkTPCDS.scala:67]     Details matches                  : false
2018-10-08 00:43:42,866 INFO [ScalaTest-run-running-SparkTPCDSTest] o.a.t.SparkTPCDS$ [SparkTPCDS.scala:68]     Physical plan description matches: false
2018-10-08 00:43:42,866 INFO [ScalaTest-run-running-SparkTPCDSTest] o.a.t.SparkTPCDS$ [SparkTPCDS.scala:65]   Statement 'test3.1.0' and 'test4.1.0'
2018-10-08 00:43:42,867 INFO [ScalaTest-run-running-SparkTPCDSTest] o.a.t.SparkTPCDS$ [SparkTPCDS.scala:66]     Description matches              : true
2018-10-08 00:43:42,867 INFO [ScalaTest-run-running-SparkTPCDSTest] o.a.t.SparkTPCDS$ [SparkTPCDS.scala:67]     Details matches                  : false
2018-10-08 00:43:42,867 INFO [ScalaTest-run-running-SparkTPCDSTest] o.a.t.SparkTPCDS$ [SparkTPCDS.scala:68]     Physical plan description matches: false
2018-10-08 00:43:42,867 INFO [ScalaTest-run-running-SparkTPCDSTest] o.a.t.SparkTPCDS$ [SparkTPCDS.scala:65]   Statement 'test3.1.0' and 'test4.1.0'
2018-10-08 00:43:42,867 INFO [ScalaTest-run-running-SparkTPCDSTest] o.a.t.SparkTPCDS$ [SparkTPCDS.scala:66]     Description matches              : true
2018-10-08 00:43:42,867 INFO [ScalaTest-run-running-SparkTPCDSTest] o.a.t.SparkTPCDS$ [SparkTPCDS.scala:67]     Details matches                  : false
2018-10-08 00:43:42,868 INFO [ScalaTest-run-running-SparkTPCDSTest] o.a.t.SparkTPCDS$ [SparkTPCDS.scala:68]     Physical plan description matches: false
2018-10-08 00:43:42,868 INFO [ScalaTest-run-running-SparkTPCDSTest] o.a.t.SparkTPCDS$ [SparkTPCDS.scala:65]   Statement 'test3.1.0' and 'test4.1.0'
2018-10-08 00:43:42,868 INFO [ScalaTest-run-running-SparkTPCDSTest] o.a.t.SparkTPCDS$ [SparkTPCDS.scala:66]     Description matches              : true
2018-10-08 00:43:42,868 INFO [ScalaTest-run-running-SparkTPCDSTest] o.a.t.SparkTPCDS$ [SparkTPCDS.scala:67]     Details matches                  : false
2018-10-08 00:43:42,868 INFO [ScalaTest-run-running-SparkTPCDSTest] o.a.t.SparkTPCDS$ [SparkTPCDS.scala:68]     Physical plan description matches: false
2018-10-08 00:43:42,869 INFO [ScalaTest-run-running-SparkTPCDSTest] o.a.t.SparkTPCDS$ [SparkTPCDS.scala:65]   Statement 'test3.1.0' and 'test4.1.0'
2018-10-08 00:43:42,869 INFO [ScalaTest-run-running-SparkTPCDSTest] o.a.t.SparkTPCDS$ [SparkTPCDS.scala:66]     Description matches              : true
2018-10-08 00:43:42,869 INFO [ScalaTest-run-running-SparkTPCDSTest] o.a.t.SparkTPCDS$ [SparkTPCDS.scala:67]     Details matches                  : false
2018-10-08 00:43:42,869 INFO [ScalaTest-run-running-SparkTPCDSTest] o.a.t.SparkTPCDS$ [SparkTPCDS.scala:68]     Physical plan description matches: false
2018-10-08 00:43:42,869 INFO [ScalaTest-run-running-SparkTPCDSTest] o.a.t.SparkTPCDS$ [SparkTPCDS.scala:65]   Statement 'test3.1.0' and 'test4.1.0'
2018-10-08 00:43:42,870 INFO [ScalaTest-run-running-SparkTPCDSTest] o.a.t.SparkTPCDS$ [SparkTPCDS.scala:66]     Description matches              : true
2018-10-08 00:43:42,870 INFO [ScalaTest-run-running-SparkTPCDSTest] o.a.t.SparkTPCDS$ [SparkTPCDS.scala:67]     Details matches                  : false
2018-10-08 00:43:42,870 INFO [ScalaTest-run-running-SparkTPCDSTest] o.a.t.SparkTPCDS$ [SparkTPCDS.scala:68]     Physical plan description matches: false
2018-10-08 00:43:42,870 INFO [ScalaTest-run-running-SparkTPCDSTest] o.a.t.SparkTPCDS$ [SparkTPCDS.scala:65]   Statement 'test3.1.0' and 'test4.1.0'
2018-10-08 00:43:42,870 INFO [ScalaTest-run-running-SparkTPCDSTest] o.a.t.SparkTPCDS$ [SparkTPCDS.scala:66]     Description matches              : true
2018-10-08 00:43:42,870 INFO [ScalaTest-run-running-SparkTPCDSTest] o.a.t.SparkTPCDS$ [SparkTPCDS.scala:67]     Details matches                  : false
2018-10-08 00:43:42,871 INFO [ScalaTest-run-running-SparkTPCDSTest] o.a.t.SparkTPCDS$ [SparkTPCDS.scala:68]     Physical plan description matches: false
2018-10-08 00:43:42,871 INFO [ScalaTest-run-running-SparkTPCDSTest] o.a.t.SparkTPCDS$ [SparkTPCDS.scala:65]   Statement 'test3.1.0' and 'test4.1.0'
2018-10-08 00:43:42,871 INFO [ScalaTest-run-running-SparkTPCDSTest] o.a.t.SparkTPCDS$ [SparkTPCDS.scala:66]     Description matches              : false
2018-10-08 00:43:42,871 INFO [ScalaTest-run-running-SparkTPCDSTest] o.a.t.SparkTPCDS$ [SparkTPCDS.scala:67]     Details matches                  : false
2018-10-08 00:43:42,871 INFO [ScalaTest-run-running-SparkTPCDSTest] o.a.t.SparkTPCDS$ [SparkTPCDS.scala:68]     Physical plan description matches: false
2018-10-08 00:43:42,871 INFO [ScalaTest-run-running-SparkTPCDSTest] o.a.t.SparkTPCDS$ [SparkTPCDS.scala:65]   Statement 'test3.1.0' and 'test4.1.0'
2018-10-08 00:43:42,872 INFO [ScalaTest-run-running-SparkTPCDSTest] o.a.t.SparkTPCDS$ [SparkTPCDS.scala:66]     Description matches              : false
2018-10-08 00:43:42,872 INFO [ScalaTest-run-running-SparkTPCDSTest] o.a.t.SparkTPCDS$ [SparkTPCDS.scala:67]     Details matches                  : false
2018-10-08 00:43:42,872 INFO [ScalaTest-run-running-SparkTPCDSTest] o.a.t.SparkTPCDS$ [SparkTPCDS.scala:68]     Physical plan description matches: false
2018-10-08 00:43:42,872 INFO [ScalaTest-run-running-SparkTPCDSTest] o.a.t.SparkTPCDS$ [SparkTPCDS.scala:65]   Statement 'test3.1.0' and 'test4.1.0'
2018-10-08 00:43:42,872 INFO [ScalaTest-run-running-SparkTPCDSTest] o.a.t.SparkTPCDS$ [SparkTPCDS.scala:66]     Description matches              : true
2018-10-08 00:43:42,873 INFO [ScalaTest-run-running-SparkTPCDSTest] o.a.t.SparkTPCDS$ [SparkTPCDS.scala:67]     Details matches                  : false
2018-10-08 00:43:42,873 INFO [ScalaTest-run-running-SparkTPCDSTest] o.a.t.SparkTPCDS$ [SparkTPCDS.scala:68]     Physical plan description matches: false
2018-10-08 00:43:42,873 INFO [ScalaTest-run-running-SparkTPCDSTest] o.a.t.SparkTPCDS$ [SparkTPCDS.scala:65]   Statement 'test3.1.0' and 'test4.1.0'
2018-10-08 00:43:42,873 INFO [ScalaTest-run-running-SparkTPCDSTest] o.a.t.SparkTPCDS$ [SparkTPCDS.scala:66]     Description matches              : true
2018-10-08 00:43:42,873 INFO [ScalaTest-run-running-SparkTPCDSTest] o.a.t.SparkTPCDS$ [SparkTPCDS.scala:67]     Details matches                  : false
2018-10-08 00:43:42,873 INFO [ScalaTest-run-running-SparkTPCDSTest] o.a.t.SparkTPCDS$ [SparkTPCDS.scala:68]     Physical plan description matches: false
2018-10-08 00:43:42,874 INFO [ScalaTest-run-running-SparkTPCDSTest] o.a.t.SparkTPCDS$ [SparkTPCDS.scala:65]   Statement 'test3.1.1' and 'test4.1.1'
2018-10-08 00:43:42,874 INFO [ScalaTest-run-running-SparkTPCDSTest] o.a.t.SparkTPCDS$ [SparkTPCDS.scala:66]     Description matches              : true
2018-10-08 00:43:42,874 INFO [ScalaTest-run-running-SparkTPCDSTest] o.a.t.SparkTPCDS$ [SparkTPCDS.scala:67]     Details matches                  : false
2018-10-08 00:43:42,874 INFO [ScalaTest-run-running-SparkTPCDSTest] o.a.t.SparkTPCDS$ [SparkTPCDS.scala:68]     Physical plan description matches: false
2018-10-08 00:43:42,874 INFO [ScalaTest-run-running-SparkTPCDSTest] o.a.t.SparkTPCDS$ [SparkTPCDS.scala:65]   Statement 'test3.1.1' and 'test4.1.1'
2018-10-08 00:43:42,874 INFO [ScalaTest-run-running-SparkTPCDSTest] o.a.t.SparkTPCDS$ [SparkTPCDS.scala:66]     Description matches              : true
2018-10-08 00:43:42,874 INFO [ScalaTest-run-running-SparkTPCDSTest] o.a.t.SparkTPCDS$ [SparkTPCDS.scala:67]     Details matches                  : false
2018-10-08 00:43:42,874 INFO [ScalaTest-run-running-SparkTPCDSTest] o.a.t.SparkTPCDS$ [SparkTPCDS.scala:68]     Physical plan description matches: false
2018-10-08 00:43:42,875 INFO [ScalaTest-run-running-SparkTPCDSTest] o.a.t.SparkTPCDS$ [SparkTPCDS.scala:65]   Statement 'test3.1.1' and 'test4.1.1'
2018-10-08 00:43:42,875 INFO [ScalaTest-run-running-SparkTPCDSTest] o.a.t.SparkTPCDS$ [SparkTPCDS.scala:66]     Description matches              : true
2018-10-08 00:43:42,875 INFO [ScalaTest-run-running-SparkTPCDSTest] o.a.t.SparkTPCDS$ [SparkTPCDS.scala:67]     Details matches                  : false
2018-10-08 00:43:42,875 INFO [ScalaTest-run-running-SparkTPCDSTest] o.a.t.SparkTPCDS$ [SparkTPCDS.scala:68]     Physical plan description matches: false
2018-10-08 00:43:42,875 INFO [ScalaTest-run-running-SparkTPCDSTest] o.a.t.SparkTPCDS$ [SparkTPCDS.scala:65]   Statement 'test3.1.1' and 'test4.1.1'
2018-10-08 00:43:42,875 INFO [ScalaTest-run-running-SparkTPCDSTest] o.a.t.SparkTPCDS$ [SparkTPCDS.scala:66]     Description matches              : true
2018-10-08 00:43:42,875 INFO [ScalaTest-run-running-SparkTPCDSTest] o.a.t.SparkTPCDS$ [SparkTPCDS.scala:67]     Details matches                  : false
2018-10-08 00:43:42,875 INFO [ScalaTest-run-running-SparkTPCDSTest] o.a.t.SparkTPCDS$ [SparkTPCDS.scala:68]     Physical plan description matches: false
2018-10-08 00:43:42,875 INFO [ScalaTest-run-running-SparkTPCDSTest] o.a.t.SparkTPCDS$ [SparkTPCDS.scala:65]   Statement 'test3.1.1' and 'test4.1.1'
2018-10-08 00:43:42,876 INFO [ScalaTest-run-running-SparkTPCDSTest] o.a.t.SparkTPCDS$ [SparkTPCDS.scala:66]     Description matches              : true
2018-10-08 00:43:42,876 INFO [ScalaTest-run-running-SparkTPCDSTest] o.a.t.SparkTPCDS$ [SparkTPCDS.scala:67]     Details matches                  : false
2018-10-08 00:43:42,876 INFO [ScalaTest-run-running-SparkTPCDSTest] o.a.t.SparkTPCDS$ [SparkTPCDS.scala:68]     Physical plan description matches: false
2018-10-08 00:43:42,876 INFO [ScalaTest-run-running-SparkTPCDSTest] o.a.t.SparkTPCDS$ [SparkTPCDS.scala:65]   Statement 'test3.1.1' and 'test4.1.1'
2018-10-08 00:43:42,876 INFO [ScalaTest-run-running-SparkTPCDSTest] o.a.t.SparkTPCDS$ [SparkTPCDS.scala:66]     Description matches              : true
2018-10-08 00:43:42,876 INFO [ScalaTest-run-running-SparkTPCDSTest] o.a.t.SparkTPCDS$ [SparkTPCDS.scala:67]     Details matches                  : false
2018-10-08 00:43:42,876 INFO [ScalaTest-run-running-SparkTPCDSTest] o.a.t.SparkTPCDS$ [SparkTPCDS.scala:68]     Physical plan description matches: false
2018-10-08 00:43:42,876 INFO [ScalaTest-run-running-SparkTPCDSTest] o.a.t.SparkTPCDS$ [SparkTPCDS.scala:65]   Statement 'test3.1.1' and 'test4.1.1'
2018-10-08 00:43:42,877 INFO [ScalaTest-run-running-SparkTPCDSTest] o.a.t.SparkTPCDS$ [SparkTPCDS.scala:66]     Description matches              : true
2018-10-08 00:43:42,877 INFO [ScalaTest-run-running-SparkTPCDSTest] o.a.t.SparkTPCDS$ [SparkTPCDS.scala:67]     Details matches                  : false
2018-10-08 00:43:42,877 INFO [ScalaTest-run-running-SparkTPCDSTest] o.a.t.SparkTPCDS$ [SparkTPCDS.scala:68]     Physical plan description matches: false
2018-10-08 00:43:42,877 INFO [ScalaTest-run-running-SparkTPCDSTest] o.a.t.SparkTPCDS$ [SparkTPCDS.scala:65]   Statement 'test3.1.1' and 'test4.1.1'
2018-10-08 00:43:42,877 INFO [ScalaTest-run-running-SparkTPCDSTest] o.a.t.SparkTPCDS$ [SparkTPCDS.scala:66]     Description matches              : true
2018-10-08 00:43:42,877 INFO [ScalaTest-run-running-SparkTPCDSTest] o.a.t.SparkTPCDS$ [SparkTPCDS.scala:67]     Details matches                  : false
2018-10-08 00:43:42,877 INFO [ScalaTest-run-running-SparkTPCDSTest] o.a.t.SparkTPCDS$ [SparkTPCDS.scala:68]     Physical plan description matches: false
2018-10-08 00:43:42,877 INFO [ScalaTest-run-running-SparkTPCDSTest] o.a.t.SparkTPCDS$ [SparkTPCDS.scala:65]   Statement 'test3.1.1' and 'test4.1.1'
2018-10-08 00:43:42,878 INFO [ScalaTest-run-running-SparkTPCDSTest] o.a.t.SparkTPCDS$ [SparkTPCDS.scala:66]     Description matches              : true
2018-10-08 00:43:42,878 INFO [ScalaTest-run-running-SparkTPCDSTest] o.a.t.SparkTPCDS$ [SparkTPCDS.scala:67]     Details matches                  : false
2018-10-08 00:43:42,878 INFO [ScalaTest-run-running-SparkTPCDSTest] o.a.t.SparkTPCDS$ [SparkTPCDS.scala:68]     Physical plan description matches: false
2018-10-08 00:43:42,878 INFO [ScalaTest-run-running-SparkTPCDSTest] o.a.t.SparkTPCDS$ [SparkTPCDS.scala:65]   Statement 'test3.1.1' and 'test4.1.1'
2018-10-08 00:43:42,878 INFO [ScalaTest-run-running-SparkTPCDSTest] o.a.t.SparkTPCDS$ [SparkTPCDS.scala:66]     Description matches              : true
2018-10-08 00:43:42,878 INFO [ScalaTest-run-running-SparkTPCDSTest] o.a.t.SparkTPCDS$ [SparkTPCDS.scala:67]     Details matches                  : false
2018-10-08 00:43:42,878 INFO [ScalaTest-run-running-SparkTPCDSTest] o.a.t.SparkTPCDS$ [SparkTPCDS.scala:68]     Physical plan description matches: false
2018-10-08 00:43:42,878 INFO [ScalaTest-run-running-SparkTPCDSTest] o.a.t.SparkTPCDS$ [SparkTPCDS.scala:65]   Statement 'test3.1.1' and 'test4.1.1'
2018-10-08 00:43:42,878 INFO [ScalaTest-run-running-SparkTPCDSTest] o.a.t.SparkTPCDS$ [SparkTPCDS.scala:66]     Description matches              : false
2018-10-08 00:43:42,879 INFO [ScalaTest-run-running-SparkTPCDSTest] o.a.t.SparkTPCDS$ [SparkTPCDS.scala:67]     Details matches                  : false
2018-10-08 00:43:42,879 INFO [ScalaTest-run-running-SparkTPCDSTest] o.a.t.SparkTPCDS$ [SparkTPCDS.scala:68]     Physical plan description matches: false
2018-10-08 00:43:42,879 INFO [ScalaTest-run-running-SparkTPCDSTest] o.a.t.SparkTPCDS$ [SparkTPCDS.scala:65]   Statement 'test3.1.1' and 'test4.1.1'
2018-10-08 00:43:42,879 INFO [ScalaTest-run-running-SparkTPCDSTest] o.a.t.SparkTPCDS$ [SparkTPCDS.scala:66]     Description matches              : true
2018-10-08 00:43:42,879 INFO [ScalaTest-run-running-SparkTPCDSTest] o.a.t.SparkTPCDS$ [SparkTPCDS.scala:67]     Details matches                  : false
2018-10-08 00:43:42,879 INFO [ScalaTest-run-running-SparkTPCDSTest] o.a.t.SparkTPCDS$ [SparkTPCDS.scala:68]     Physical plan description matches: false
2018-10-08 00:43:42,879 INFO [ScalaTest-run-running-SparkTPCDSTest] o.a.t.SparkTPCDS$ [SparkTPCDS.scala:65]   Statement 'test3.1.1' and 'test4.1.1'
2018-10-08 00:43:42,879 INFO [ScalaTest-run-running-SparkTPCDSTest] o.a.t.SparkTPCDS$ [SparkTPCDS.scala:66]     Description matches              : false
2018-10-08 00:43:42,880 INFO [ScalaTest-run-running-SparkTPCDSTest] o.a.t.SparkTPCDS$ [SparkTPCDS.scala:67]     Details matches                  : false
2018-10-08 00:43:42,880 INFO [ScalaTest-run-running-SparkTPCDSTest] o.a.t.SparkTPCDS$ [SparkTPCDS.scala:68]     Physical plan description matches: false
2018-10-08 00:43:42,880 INFO [ScalaTest-run-running-SparkTPCDSTest] o.a.t.SparkTPCDS$ [SparkTPCDS.scala:65]   Statement 'test3.1.1' and 'test4.1.1'
2018-10-08 00:43:42,880 INFO [ScalaTest-run-running-SparkTPCDSTest] o.a.t.SparkTPCDS$ [SparkTPCDS.scala:66]     Description matches              : true
2018-10-08 00:43:42,880 INFO [ScalaTest-run-running-SparkTPCDSTest] o.a.t.SparkTPCDS$ [SparkTPCDS.scala:67]     Details matches                  : false
2018-10-08 00:43:42,880 INFO [ScalaTest-run-running-SparkTPCDSTest] o.a.t.SparkTPCDS$ [SparkTPCDS.scala:68]     Physical plan description matches: false
2018-10-08 00:43:42,880 INFO [ScalaTest-run-running-SparkTPCDSTest] o.a.t.SparkTPCDS$ [SparkTPCDS.scala:65]   Statement 'test3.1.1' and 'test4.1.1'
2018-10-08 00:43:42,881 INFO [ScalaTest-run-running-SparkTPCDSTest] o.a.t.SparkTPCDS$ [SparkTPCDS.scala:66]     Description matches              : true
2018-10-08 00:43:42,881 INFO [ScalaTest-run-running-SparkTPCDSTest] o.a.t.SparkTPCDS$ [SparkTPCDS.scala:67]     Details matches                  : false
2018-10-08 00:43:42,881 INFO [ScalaTest-run-running-SparkTPCDSTest] o.a.t.SparkTPCDS$ [SparkTPCDS.scala:68]     Physical plan description matches: false
2018-10-08 00:43:43,503 INFO [ScalaTest-run-running-SparkTPCDSTest] o.a.t.r.Run [Run.scala:27] Start run 'test5' ...
2018-10-08 00:43:43,509 INFO [ScalaTest-run-running-SparkTPCDSTest] o.a.t.q.Query [Query.scala:19] Run query '1' ... 
2018-10-08 00:43:43,560 INFO [ScalaTest-run-running-SparkTPCDSTest] o.a.t.s.Statement [Statement.scala:27] 99
2018-10-08 00:43:43,821 INFO [ScalaTest-run-running-SparkTPCDSTest] o.a.t.s.Statement [Statement.scala:27] 9801
2018-10-08 00:43:44,038 INFO [ScalaTest-run-running-SparkTPCDSTest] o.a.t.q.Query [Query.scala:21] Finished query '1'.
2018-10-08 00:43:44,038 INFO [ScalaTest-run-running-SparkTPCDSTest] o.a.t.r.Run [Run.scala:30] Finished run 'test5'.
2018-10-08 00:43:44,664 INFO [ScalaTest-run-running-SparkTPCDSTest] o.a.t.r.Run [Run.scala:27] Start run 'test6' ...
2018-10-08 00:43:44,668 INFO [ScalaTest-run-running-SparkTPCDSTest] o.a.t.q.Query [Query.scala:19] Run query '2' ... 
2018-10-08 00:43:44,714 INFO [ScalaTest-run-running-SparkTPCDSTest] o.a.t.s.Statement [Statement.scala:27] 9999
2018-10-08 00:43:44,889 INFO [ScalaTest-run-running-SparkTPCDSTest] o.a.t.q.Query [Query.scala:21] Finished query '2'.
2018-10-08 00:43:44,890 INFO [ScalaTest-run-running-SparkTPCDSTest] o.a.t.r.Run [Run.scala:30] Finished run 'test6'.
2018-10-08 00:43:47,044 INFO [ScalaTest-run-running-SparkTPCDSTest] o.a.t.SparkTPCDS$ [SparkTPCDS.scala:56] Query 1
2018-10-08 00:43:47,044 INFO [ScalaTest-run-running-SparkTPCDSTest] o.a.t.SparkTPCDS$ [SparkTPCDS.scala:60]   No result found in run 2.
2018-10-08 00:43:47,044 INFO [ScalaTest-run-running-SparkTPCDSTest] o.a.t.SparkTPCDS$ [SparkTPCDS.scala:56] Query 2
2018-10-08 00:43:47,045 INFO [ScalaTest-run-running-SparkTPCDSTest] o.a.t.SparkTPCDS$ [SparkTPCDS.scala:59]   No result found in run 1.
2018-10-08 00:45:05,763 INFO [ScalaTest-run-running-SparkTPCDSTest] o.a.t.r.Run [Run.scala:27] Start run 'test3' ...
2018-10-08 00:45:05,775 INFO [ScalaTest-run-running-SparkTPCDSTest] o.a.t.q.Query [Query.scala:19] Run query '1' ... 
2018-10-08 00:45:06,012 INFO [ScalaTest-run-running-SparkTPCDSTest] o.a.t.s.Statement [Statement.scala:27] 99
2018-10-08 00:45:06,802 INFO [ScalaTest-run-running-SparkTPCDSTest] o.a.t.s.Statement [Statement.scala:27] 9801
2018-10-08 00:45:07,128 INFO [ScalaTest-run-running-SparkTPCDSTest] o.a.t.q.Query [Query.scala:21] Finished query '1'.
2018-10-08 00:45:07,128 INFO [ScalaTest-run-running-SparkTPCDSTest] o.a.t.r.Run [Run.scala:30] Finished run 'test3'.
2018-10-08 00:45:08,212 INFO [ScalaTest-run-running-SparkTPCDSTest] o.a.t.r.Run [Run.scala:27] Start run 'test4' ...
2018-10-08 00:45:08,220 INFO [ScalaTest-run-running-SparkTPCDSTest] o.a.t.q.Query [Query.scala:19] Run query '1' ... 
2018-10-08 00:45:08,297 INFO [ScalaTest-run-running-SparkTPCDSTest] o.a.t.s.Statement [Statement.scala:27] 99
2018-10-08 00:45:08,712 INFO [ScalaTest-run-running-SparkTPCDSTest] o.a.t.s.Statement [Statement.scala:27] 9801
2018-10-08 00:45:08,983 INFO [ScalaTest-run-running-SparkTPCDSTest] o.a.t.q.Query [Query.scala:21] Finished query '1'.
2018-10-08 00:45:08,983 INFO [ScalaTest-run-running-SparkTPCDSTest] o.a.t.r.Run [Run.scala:30] Finished run 'test4'.
2018-10-08 00:45:13,746 INFO [ScalaTest-run-running-SparkTPCDSTest] o.a.t.SparkTPCDS$ [SparkTPCDS.scala:56] Query 1
2018-10-08 00:45:13,748 INFO [ScalaTest-run-running-SparkTPCDSTest] o.a.t.SparkTPCDS$ [SparkTPCDS.scala:62]   Elapsed time matches               : false
2018-10-08 00:48:35,914 INFO [ScalaTest-run-running-SparkTPCDSTest] o.a.t.r.Run [Run.scala:27] Start run 'test3' ...
2018-10-08 00:48:35,927 INFO [ScalaTest-run-running-SparkTPCDSTest] o.a.t.q.Query [Query.scala:19] Run query '1' ... 
2018-10-08 00:49:34,261 INFO [ScalaTest-run-running-SparkTPCDSTest] o.a.t.s.Statement [Statement.scala:27] 99
2018-10-08 00:49:51,062 INFO [ScalaTest-run-running-SparkTPCDSTest] o.a.t.s.Statement [Statement.scala:27] 9801
2018-10-08 00:49:53,147 INFO [ScalaTest-run-running-SparkTPCDSTest] o.a.t.q.Query [Query.scala:21] Finished query '1'.
2018-10-08 00:49:53,148 INFO [ScalaTest-run-running-SparkTPCDSTest] o.a.t.r.Run [Run.scala:30] Finished run 'test3'.
2018-10-08 00:49:54,175 INFO [ScalaTest-run-running-SparkTPCDSTest] o.a.t.r.Run [Run.scala:27] Start run 'test4' ...
2018-10-08 00:49:54,182 INFO [ScalaTest-run-running-SparkTPCDSTest] o.a.t.q.Query [Query.scala:19] Run query '1' ... 
2018-10-08 00:50:04,913 INFO [ScalaTest-run-running-SparkTPCDSTest] o.a.t.s.Statement [Statement.scala:27] 99
2018-10-08 00:50:06,909 INFO [ScalaTest-run-running-SparkTPCDSTest] o.a.t.s.Statement [Statement.scala:27] 9801
2018-10-08 00:50:07,906 INFO [ScalaTest-run-running-SparkTPCDSTest] o.a.t.q.Query [Query.scala:21] Finished query '1'.
2018-10-08 00:50:07,906 INFO [ScalaTest-run-running-SparkTPCDSTest] o.a.t.r.Run [Run.scala:30] Finished run 'test4'.
2018-10-08 00:50:12,420 INFO [ScalaTest-run-running-SparkTPCDSTest] o.a.t.SparkTPCDS$ [SparkTPCDS.scala:56] Query 1
2018-10-08 00:50:12,422 INFO [ScalaTest-run-running-SparkTPCDSTest] o.a.t.SparkTPCDS$ [SparkTPCDS.scala:62]   Elapsed time matches               : false
2018-10-08 00:50:50,308 INFO [ScalaTest-run-running-SparkTPCDSTest] o.a.t.r.Run [Run.scala:27] Start run 'test3' ...
2018-10-08 00:50:50,322 INFO [ScalaTest-run-running-SparkTPCDSTest] o.a.t.q.Query [Query.scala:19] Run query '1' ... 
2018-10-08 00:51:25,289 INFO [ScalaTest-run-running-SparkTPCDSTest] o.a.t.s.Statement [Statement.scala:27] 99
2018-10-08 00:51:32,034 INFO [ScalaTest-run-running-SparkTPCDSTest] o.a.t.s.Statement [Statement.scala:27] 9801
2018-10-08 00:51:33,266 INFO [ScalaTest-run-running-SparkTPCDSTest] o.a.t.q.Query [Query.scala:21] Finished query '1'.
2018-10-08 00:51:33,266 INFO [ScalaTest-run-running-SparkTPCDSTest] o.a.t.r.Run [Run.scala:30] Finished run 'test3'.
2018-10-08 00:51:34,268 INFO [ScalaTest-run-running-SparkTPCDSTest] o.a.t.r.Run [Run.scala:27] Start run 'test4' ...
2018-10-08 00:51:34,275 INFO [ScalaTest-run-running-SparkTPCDSTest] o.a.t.q.Query [Query.scala:19] Run query '1' ... 
2018-10-08 00:51:49,072 INFO [ScalaTest-run-running-SparkTPCDSTest] o.a.t.s.Statement [Statement.scala:27] 99
2018-10-08 00:51:52,737 INFO [ScalaTest-run-running-SparkTPCDSTest] o.a.t.s.Statement [Statement.scala:27] 9801
2018-10-08 00:51:53,477 INFO [ScalaTest-run-running-SparkTPCDSTest] o.a.t.q.Query [Query.scala:21] Finished query '1'.
2018-10-08 00:51:53,477 INFO [ScalaTest-run-running-SparkTPCDSTest] o.a.t.r.Run [Run.scala:30] Finished run 'test4'.
2018-10-08 00:51:58,183 INFO [ScalaTest-run-running-SparkTPCDSTest] o.a.t.SparkTPCDS$ [SparkTPCDS.scala:56] Query 1
2018-10-08 00:51:58,185 INFO [ScalaTest-run-running-SparkTPCDSTest] o.a.t.SparkTPCDS$ [SparkTPCDS.scala:62]   Elapsed time matches               : false
2018-10-08 00:52:17,924 INFO [ScalaTest-run-running-SparkTPCDSTest] o.a.t.r.Run [Run.scala:27] Start run 'test3' ...
2018-10-08 00:52:17,937 INFO [ScalaTest-run-running-SparkTPCDSTest] o.a.t.q.Query [Query.scala:19] Run query '1' ... 
2018-10-08 00:52:54,819 INFO [ScalaTest-run-running-SparkTPCDSTest] o.a.t.s.Statement [Statement.scala:27] 99
2018-10-08 00:53:08,526 INFO [ScalaTest-run-running-SparkTPCDSTest] o.a.t.s.Statement [Statement.scala:27] 9801
2018-10-08 00:53:09,785 INFO [ScalaTest-run-running-SparkTPCDSTest] o.a.t.q.Query [Query.scala:21] Finished query '1'.
2018-10-08 00:53:09,786 INFO [ScalaTest-run-running-SparkTPCDSTest] o.a.t.r.Run [Run.scala:30] Finished run 'test3'.
2018-10-08 00:53:10,729 INFO [ScalaTest-run-running-SparkTPCDSTest] o.a.t.r.Run [Run.scala:27] Start run 'test4' ...
2018-10-08 00:53:10,737 INFO [ScalaTest-run-running-SparkTPCDSTest] o.a.t.q.Query [Query.scala:19] Run query '1' ... 
2018-10-08 00:53:22,547 INFO [ScalaTest-run-running-SparkTPCDSTest] o.a.t.s.Statement [Statement.scala:27] 99
2018-10-08 00:53:26,419 INFO [ScalaTest-run-running-SparkTPCDSTest] o.a.t.s.Statement [Statement.scala:27] 9801
2018-10-08 00:53:27,378 INFO [ScalaTest-run-running-SparkTPCDSTest] o.a.t.q.Query [Query.scala:21] Finished query '1'.
2018-10-08 00:53:27,378 INFO [ScalaTest-run-running-SparkTPCDSTest] o.a.t.r.Run [Run.scala:30] Finished run 'test4'.
2018-10-08 00:53:32,036 INFO [ScalaTest-run-running-SparkTPCDSTest] o.a.t.SparkTPCDS$ [SparkTPCDS.scala:56] Query 1
2018-10-08 00:53:32,038 INFO [ScalaTest-run-running-SparkTPCDSTest] o.a.t.SparkTPCDS$ [SparkTPCDS.scala:62]   Elapsed time matches               : false
